{"/home/smbat/Projects/lunch.app/backend/src/app.ts": {"path":"/home/smbat/Projects/lunch.app/backend/src/app.ts","statementMap":{"0":{"start":{"line":1,"column":0},"end":{"line":1,"column":30}},"1":{"start":{"line":2,"column":0},"end":{"line":2,"column":24}},"2":{"start":{"line":3,"column":0},"end":{"line":3,"column":28}},"3":{"start":{"line":4,"column":0},"end":{"line":4,"column":28}},"4":{"start":{"line":5,"column":0},"end":{"line":5,"column":43}},"5":{"start":{"line":6,"column":0},"end":{"line":6,"column":50}},"6":{"start":{"line":7,"column":0},"end":{"line":7,"column":52}},"7":{"start":{"line":8,"column":0},"end":{"line":8,"column":72}},"8":{"start":{"line":9,"column":0},"end":{"line":9,"column":57}},"9":{"start":{"line":10,"column":0},"end":{"line":10,"column":57}},"10":{"start":{"line":11,"column":0},"end":{"line":11,"column":54}},"11":{"start":{"line":12,"column":0},"end":{"line":12,"column":78}},"12":{"start":{"line":13,"column":0},"end":{"line":13,"column":35}},"13":{"start":{"line":15,"column":12},"end":{"line":15,"column":21}},"14":{"start":{"line":18,"column":0},"end":{"line":34,"column":4}},"15":{"start":{"line":37,"column":20},"end":{"line":44,"column":2}},"16":{"start":{"line":45,"column":0},"end":{"line":45,"column":27}},"17":{"start":{"line":48,"column":16},"end":{"line":54,"column":2}},"18":{"start":{"line":56,"column":20},"end":{"line":62,"column":2}},"19":{"start":{"line":65,"column":0},"end":{"line":65,"column":41}},"20":{"start":{"line":66,"column":0},"end":{"line":66,"column":63}},"21":{"start":{"line":69,"column":0},"end":{"line":69,"column":23}},"22":{"start":{"line":72,"column":0},"end":{"line":76,"column":1}},"23":{"start":{"line":73,"column":2},"end":{"line":73,"column":28}},"24":{"start":{"line":74,"column":2},"end":{"line":74,"column":42}},"25":{"start":{"line":75,"column":2},"end":{"line":75,"column":45}},"26":{"start":{"line":79,"column":0},"end":{"line":81,"column":3}},"27":{"start":{"line":80,"column":2},"end":{"line":80,"column":66}},"28":{"start":{"line":84,"column":0},"end":{"line":84,"column":33}},"29":{"start":{"line":85,"column":0},"end":{"line":85,"column":46}},"30":{"start":{"line":86,"column":0},"end":{"line":86,"column":36}},"31":{"start":{"line":87,"column":0},"end":{"line":87,"column":36}},"32":{"start":{"line":88,"column":0},"end":{"line":88,"column":36}},"33":{"start":{"line":89,"column":0},"end":{"line":89,"column":34}},"34":{"start":{"line":90,"column":0},"end":{"line":90,"column":50}},"35":{"start":{"line":93,"column":0},"end":{"line":93,"column":22}},"36":{"start":{"line":95,"column":0},"end":{"line":95,"column":19}}},"fnMap":{"0":{"name":"(anonymous_1)","decl":{"start":{"line":79,"column":19},"end":{"line":79,"column":20}},"loc":{"start":{"line":79,"column":32},"end":{"line":81,"column":1}}}},"branchMap":{"0":{"loc":{"start":{"line":38,"column":10},"end":{"line":40,"column":56}},"type":"cond-expr","locations":[{"start":{"line":39,"column":6},"end":{"line":39,"column":57}},{"start":{"line":40,"column":6},"end":{"line":40,"column":56}}]},"1":{"loc":{"start":{"line":39,"column":6},"end":{"line":39,"column":57}},"type":"binary-expr","locations":[{"start":{"line":39,"column":6},"end":{"line":39,"column":30}},{"start":{"line":39,"column":34},"end":{"line":39,"column":57}}]},"2":{"loc":{"start":{"line":72,"column":0},"end":{"line":76,"column":1}},"type":"if","locations":[{"start":{"line":72,"column":0},"end":{"line":76,"column":1}},{"start":{},"end":{}}]}},"s":{"0":11,"1":11,"2":11,"3":11,"4":11,"5":11,"6":11,"7":11,"8":11,"9":11,"10":11,"11":11,"12":11,"13":11,"14":11,"15":11,"16":11,"17":11,"18":11,"19":11,"20":11,"21":11,"22":11,"23":0,"24":0,"25":0,"26":11,"27":0,"28":11,"29":11,"30":11,"31":11,"32":11,"33":11,"34":11,"35":11,"36":11},"f":{"0":0},"b":{"0":[0,11],"1":[0,0],"2":[0,11]}}
,"/home/smbat/Projects/lunch.app/backend/src/server.ts": {"path":"/home/smbat/Projects/lunch.app/backend/src/server.ts","statementMap":{"0":{"start":{"line":1,"column":0},"end":{"line":1,"column":24}},"1":{"start":{"line":2,"column":0},"end":{"line":2,"column":53}},"2":{"start":{"line":3,"column":0},"end":{"line":3,"column":28}},"3":{"start":{"line":4,"column":0},"end":{"line":4,"column":57}},"4":{"start":{"line":5,"column":0},"end":{"line":5,"column":24}},"5":{"start":{"line":6,"column":0},"end":{"line":6,"column":35}},"6":{"start":{"line":7,"column":0},"end":{"line":7,"column":40}},"7":{"start":{"line":8,"column":0},"end":{"line":8,"column":117}},"8":{"start":{"line":9,"column":0},"end":{"line":9,"column":108}},"9":{"start":{"line":11,"column":13},"end":{"line":11,"column":21}},"10":{"start":{"line":13,"column":46},"end":{"line":19,"column":1}},"11":{"start":{"line":14,"column":23},"end":{"line":14,"column":44}},"12":{"start":{"line":15,"column":2},"end":{"line":17,"column":3}},"13":{"start":{"line":16,"column":4},"end":{"line":16,"column":21}},"14":{"start":{"line":18,"column":2},"end":{"line":18,"column":59}},"15":{"start":{"line":21,"column":27},"end":{"line":37,"column":1}},"16":{"start":{"line":22,"column":21},"end":{"line":22,"column":43}},"17":{"start":{"line":24,"column":13},"end":{"line":34,"column":4}},"18":{"start":{"line":36,"column":2},"end":{"line":36,"column":28}},"19":{"start":{"line":39,"column":14},"end":{"line":83,"column":1}},"20":{"start":{"line":40,"column":29},"end":{"line":40,"column":49}},"21":{"start":{"line":41,"column":91},"end":{"line":41,"column":95}},"22":{"start":{"line":43,"column":2},"end":{"line":54,"column":3}},"23":{"start":{"line":44,"column":4},"end":{"line":49,"column":7}},"24":{"start":{"line":47,"column":48},"end":{"line":47,"column":83}},"25":{"start":{"line":50,"column":4},"end":{"line":50,"column":55}},"26":{"start":{"line":51,"column":4},"end":{"line":51,"column":62}},"27":{"start":{"line":53,"column":4},"end":{"line":53,"column":69}},"28":{"start":{"line":56,"column":2},"end":{"line":59,"column":5}},"29":{"start":{"line":57,"column":4},"end":{"line":57,"column":50}},"30":{"start":{"line":58,"column":4},"end":{"line":58,"column":48}},"31":{"start":{"line":61,"column":19},"end":{"line":79,"column":3}},"32":{"start":{"line":62,"column":4},"end":{"line":62,"column":40}},"33":{"start":{"line":63,"column":4},"end":{"line":63,"column":32}},"34":{"start":{"line":64,"column":4},"end":{"line":78,"column":5}},"35":{"start":{"line":65,"column":6},"end":{"line":73,"column":9}},"36":{"start":{"line":68,"column":10},"end":{"line":68,"column":36}},"37":{"start":{"line":68,"column":25},"end":{"line":68,"column":34}},"38":{"start":{"line":71,"column":10},"end":{"line":71,"column":44}},"39":{"start":{"line":71,"column":33},"end":{"line":71,"column":42}},"40":{"start":{"line":75,"column":6},"end":{"line":75,"column":55}},"41":{"start":{"line":77,"column":6},"end":{"line":77,"column":22}},"42":{"start":{"line":81,"column":2},"end":{"line":81,"column":34}},"43":{"start":{"line":82,"column":2},"end":{"line":82,"column":33}},"44":{"start":{"line":85,"column":0},"end":{"line":88,"column":3}},"45":{"start":{"line":86,"column":2},"end":{"line":86,"column":52}},"46":{"start":{"line":87,"column":2},"end":{"line":87,"column":18}}},"fnMap":{"0":{"name":"(anonymous_1)","decl":{"start":{"line":13,"column":46},"end":{"line":13,"column":47}},"loc":{"start":{"line":13,"column":66},"end":{"line":19,"column":1}}},"1":{"name":"(anonymous_2)","decl":{"start":{"line":21,"column":27},"end":{"line":21,"column":30}},"loc":{"start":{"line":21,"column":32},"end":{"line":37,"column":1}}},"2":{"name":"(anonymous_3)","decl":{"start":{"line":39,"column":14},"end":{"line":39,"column":19}},"loc":{"start":{"line":39,"column":25},"end":{"line":83,"column":1}}},"3":{"name":"(anonymous_4)","decl":{"start":{"line":47,"column":22},"end":{"line":47,"column":23}},"loc":{"start":{"line":47,"column":48},"end":{"line":47,"column":83}}},"4":{"name":"(anonymous_5)","decl":{"start":{"line":56,"column":26},"end":{"line":56,"column":29}},"loc":{"start":{"line":56,"column":31},"end":{"line":59,"column":3}}},"5":{"name":"(anonymous_6)","decl":{"start":{"line":61,"column":19},"end":{"line":61,"column":24}},"loc":{"start":{"line":61,"column":30},"end":{"line":79,"column":3}}},"6":{"name":"(anonymous_7)","decl":{"start":{"line":67,"column":26},"end":{"line":67,"column":27}},"loc":{"start":{"line":67,"column":38},"end":{"line":69,"column":9}}},"7":{"name":"(anonymous_8)","decl":{"start":{"line":68,"column":19},"end":{"line":68,"column":22}},"loc":{"start":{"line":68,"column":25},"end":{"line":68,"column":34}}},"8":{"name":"(anonymous_9)","decl":{"start":{"line":70,"column":26},"end":{"line":70,"column":27}},"loc":{"start":{"line":70,"column":38},"end":{"line":72,"column":9}}},"9":{"name":"(anonymous_10)","decl":{"start":{"line":71,"column":27},"end":{"line":71,"column":30}},"loc":{"start":{"line":71,"column":33},"end":{"line":71,"column":42}}},"10":{"name":"(anonymous_11)","decl":{"start":{"line":85,"column":14},"end":{"line":85,"column":15}},"loc":{"start":{"line":85,"column":24},"end":{"line":88,"column":1}}}},"branchMap":{"0":{"loc":{"start":{"line":15,"column":2},"end":{"line":17,"column":3}},"type":"if","locations":[{"start":{"line":15,"column":2},"end":{"line":17,"column":3}},{"start":{},"end":{}}]},"1":{"loc":{"start":{"line":27,"column":8},"end":{"line":29,"column":62}},"type":"cond-expr","locations":[{"start":{"line":28,"column":12},"end":{"line":28,"column":63}},{"start":{"line":29,"column":12},"end":{"line":29,"column":62}}]},"2":{"loc":{"start":{"line":28,"column":12},"end":{"line":28,"column":63}},"type":"binary-expr","locations":[{"start":{"line":28,"column":12},"end":{"line":28,"column":36}},{"start":{"line":28,"column":40},"end":{"line":28,"column":63}}]}},"s":{"0":0,"1":0,"2":0,"3":0,"4":0,"5":0,"6":0,"7":0,"8":0,"9":0,"10":0,"11":0,"12":0,"13":0,"14":0,"15":0,"16":0,"17":0,"18":0,"19":0,"20":0,"21":0,"22":0,"23":0,"24":0,"25":0,"26":0,"27":0,"28":0,"29":0,"30":0,"31":0,"32":0,"33":0,"34":0,"35":0,"36":0,"37":0,"38":0,"39":0,"40":0,"41":0,"42":0,"43":0,"44":0,"45":0,"46":0},"f":{"0":0,"1":0,"2":0,"3":0,"4":0,"5":0,"6":0,"7":0,"8":0,"9":0,"10":0},"b":{"0":[0,0],"1":[0,0],"2":[0,0]}}
,"/home/smbat/Projects/lunch.app/backend/src/config/database.ts": {"path":"/home/smbat/Projects/lunch.app/backend/src/config/database.ts","statementMap":{"0":{"start":{"line":1,"column":0},"end":{"line":1,"column":46}},"1":{"start":{"line":3,"column":15},"end":{"line":3,"column":33}},"2":{"start":{"line":5,"column":0},"end":{"line":5,"column":22}}},"fnMap":{},"branchMap":{},"s":{"0":18,"1":18,"2":18},"f":{},"b":{}}
,"/home/smbat/Projects/lunch.app/backend/src/config/env.ts": {"path":"/home/smbat/Projects/lunch.app/backend/src/config/env.ts","statementMap":{"0":{"start":{"line":1,"column":0},"end":{"line":1,"column":28}},"1":{"start":{"line":3,"column":0},"end":{"line":3,"column":16}},"2":{"start":{"line":5,"column":13},"end":{"line":18,"column":2}}},"fnMap":{},"branchMap":{"0":{"loc":{"start":{"line":6,"column":16},"end":{"line":6,"column":46}},"type":"binary-expr","locations":[{"start":{"line":6,"column":16},"end":{"line":6,"column":40}},{"start":{"line":6,"column":44},"end":{"line":6,"column":46}}]},"1":{"loc":{"start":{"line":7,"column":14},"end":{"line":7,"column":56}},"type":"binary-expr","locations":[{"start":{"line":7,"column":14},"end":{"line":7,"column":36}},{"start":{"line":7,"column":40},"end":{"line":7,"column":56}}]},"2":{"loc":{"start":{"line":8,"column":18},"end":{"line":8,"column":52}},"type":"binary-expr","locations":[{"start":{"line":8,"column":18},"end":{"line":8,"column":44}},{"start":{"line":8,"column":48},"end":{"line":8,"column":52}}]},"3":{"loc":{"start":{"line":9,"column":17},"end":{"line":9,"column":43}},"type":"binary-expr","locations":[{"start":{"line":9,"column":17},"end":{"line":9,"column":33}},{"start":{"line":9,"column":37},"end":{"line":9,"column":43}}]},"4":{"loc":{"start":{"line":10,"column":12},"end":{"line":10,"column":49}},"type":"binary-expr","locations":[{"start":{"line":10,"column":12},"end":{"line":10,"column":32}},{"start":{"line":10,"column":36},"end":{"line":10,"column":49}}]},"5":{"loc":{"start":{"line":11,"column":34},"end":{"line":11,"column":82}},"type":"binary-expr","locations":[{"start":{"line":11,"column":34},"end":{"line":11,"column":76}},{"start":{"line":11,"column":80},"end":{"line":11,"column":82}}]},"6":{"loc":{"start":{"line":12,"column":35},"end":{"line":12,"column":84}},"type":"binary-expr","locations":[{"start":{"line":12,"column":35},"end":{"line":12,"column":78}},{"start":{"line":12,"column":82},"end":{"line":12,"column":84}}]},"7":{"loc":{"start":{"line":13,"column":31},"end":{"line":13,"column":104}},"type":"binary-expr","locations":[{"start":{"line":13,"column":31},"end":{"line":13,"column":70}},{"start":{"line":13,"column":74},"end":{"line":13,"column":104}}]},"8":{"loc":{"start":{"line":14,"column":35},"end":{"line":14,"column":89}},"type":"binary-expr","locations":[{"start":{"line":14,"column":35},"end":{"line":14,"column":78}},{"start":{"line":14,"column":82},"end":{"line":14,"column":89}}]},"9":{"loc":{"start":{"line":15,"column":35},"end":{"line":15,"column":84}},"type":"binary-expr","locations":[{"start":{"line":15,"column":35},"end":{"line":15,"column":78}},{"start":{"line":15,"column":82},"end":{"line":15,"column":84}}]},"10":{"loc":{"start":{"line":16,"column":35},"end":{"line":16,"column":84}},"type":"binary-expr","locations":[{"start":{"line":16,"column":35},"end":{"line":16,"column":78}},{"start":{"line":16,"column":82},"end":{"line":16,"column":84}}]},"11":{"loc":{"start":{"line":17,"column":35},"end":{"line":17,"column":117}},"type":"binary-expr","locations":[{"start":{"line":17,"column":35},"end":{"line":17,"column":78}},{"start":{"line":17,"column":82},"end":{"line":17,"column":117}}]}},"s":{"0":22,"1":22,"2":22},"f":{},"b":{"0":[22,0],"1":[22,0],"2":[22,0],"3":[22,0],"4":[22,0],"5":[22,22],"6":[22,22],"7":[22,22],"8":[22,22],"9":[22,22],"10":[22,22],"11":[22,22]}}
,"/home/smbat/Projects/lunch.app/backend/src/middleware/auth.ts": {"path":"/home/smbat/Projects/lunch.app/backend/src/middleware/auth.ts","statementMap":{"0":{"start":{"line":2,"column":0},"end":{"line":2,"column":55}},"1":{"start":{"line":8,"column":30},"end":{"line":28,"column":1}},"2":{"start":{"line":13,"column":2},"end":{"line":27,"column":3}},"3":{"start":{"line":14,"column":23},"end":{"line":14,"column":48}},"4":{"start":{"line":16,"column":4},"end":{"line":18,"column":5}},"5":{"start":{"line":17,"column":6},"end":{"line":17,"column":66}},"6":{"start":{"line":20,"column":18},"end":{"line":20,"column":41}},"7":{"start":{"line":21,"column":20},"end":{"line":21,"column":38}},"8":{"start":{"line":23,"column":4},"end":{"line":23,"column":23}},"9":{"start":{"line":24,"column":4},"end":{"line":24,"column":11}},"10":{"start":{"line":26,"column":4},"end":{"line":26,"column":71}},"11":{"start":{"line":8,"column":13},"end":{"line":8,"column":30}},"12":{"start":{"line":30,"column":31},"end":{"line":39,"column":1}},"13":{"start":{"line":35,"column":2},"end":{"line":37,"column":3}},"14":{"start":{"line":36,"column":4},"end":{"line":36,"column":68}},"15":{"start":{"line":38,"column":2},"end":{"line":38,"column":9}},"16":{"start":{"line":30,"column":13},"end":{"line":30,"column":31}}},"fnMap":{"0":{"name":"(anonymous_0)","decl":{"start":{"line":8,"column":30},"end":{"line":8,"column":null}},"loc":{"start":{"line":12,"column":4},"end":{"line":28,"column":1}}},"1":{"name":"(anonymous_1)","decl":{"start":{"line":30,"column":31},"end":{"line":30,"column":null}},"loc":{"start":{"line":34,"column":4},"end":{"line":39,"column":1}}}},"branchMap":{"0":{"loc":{"start":{"line":16,"column":4},"end":{"line":18,"column":5}},"type":"if","locations":[{"start":{"line":16,"column":4},"end":{"line":18,"column":5}},{"start":{},"end":{}}]},"1":{"loc":{"start":{"line":16,"column":8},"end":{"line":16,"column":56}},"type":"binary-expr","locations":[{"start":{"line":16,"column":8},"end":{"line":16,"column":19}},{"start":{"line":16,"column":23},"end":{"line":16,"column":56}}]},"2":{"loc":{"start":{"line":35,"column":2},"end":{"line":37,"column":3}},"type":"if","locations":[{"start":{"line":35,"column":2},"end":{"line":37,"column":3}},{"start":{},"end":{}}]},"3":{"loc":{"start":{"line":35,"column":6},"end":{"line":35,"column":44}},"type":"binary-expr","locations":[{"start":{"line":35,"column":6},"end":{"line":35,"column":15}},{"start":{"line":35,"column":19},"end":{"line":35,"column":44}}]}},"s":{"0":13,"1":13,"2":522,"3":522,"4":522,"5":8,"6":514,"7":514,"8":511,"9":511,"10":3,"11":13,"12":13,"13":40,"14":6,"15":34,"16":13},"f":{"0":522,"1":40},"b":{"0":[8,514],"1":[522,515],"2":[6,34],"3":[40,40]}}
,"/home/smbat/Projects/lunch.app/backend/src/middleware/error.ts": {"path":"/home/smbat/Projects/lunch.app/backend/src/middleware/error.ts","statementMap":{"0":{"start":{"line":2,"column":0},"end":{"line":2,"column":31}},"1":{"start":{"line":3,"column":0},"end":{"line":3,"column":41}},"2":{"start":{"line":5,"column":28},"end":{"line":32,"column":1}},"3":{"start":{"line":11,"column":2},"end":{"line":11,"column":39}},"4":{"start":{"line":13,"column":2},"end":{"line":18,"column":3}},"5":{"start":{"line":14,"column":4},"end":{"line":17,"column":7}},"6":{"start":{"line":20,"column":2},"end":{"line":22,"column":3}},"7":{"start":{"line":21,"column":4},"end":{"line":21,"column":60}},"8":{"start":{"line":24,"column":2},"end":{"line":26,"column":3}},"9":{"start":{"line":25,"column":4},"end":{"line":25,"column":60}},"10":{"start":{"line":28,"column":2},"end":{"line":31,"column":5}},"11":{"start":{"line":5,"column":13},"end":{"line":5,"column":28}}},"fnMap":{"0":{"name":"(anonymous_0)","decl":{"start":{"line":5,"column":28},"end":{"line":5,"column":null}},"loc":{"start":{"line":10,"column":4},"end":{"line":32,"column":1}}}},"branchMap":{"0":{"loc":{"start":{"line":13,"column":2},"end":{"line":18,"column":3}},"type":"if","locations":[{"start":{"line":13,"column":2},"end":{"line":18,"column":3}},{"start":{},"end":{}}]},"1":{"loc":{"start":{"line":20,"column":2},"end":{"line":22,"column":3}},"type":"if","locations":[{"start":{"line":20,"column":2},"end":{"line":22,"column":3}},{"start":{},"end":{}}]},"2":{"loc":{"start":{"line":24,"column":2},"end":{"line":26,"column":3}},"type":"if","locations":[{"start":{"line":24,"column":2},"end":{"line":26,"column":3}},{"start":{},"end":{}}]},"3":{"loc":{"start":{"line":30,"column":13},"end":{"line":30,"column":77}},"type":"cond-expr","locations":[{"start":{"line":30,"column":54},"end":{"line":30,"column":65}},{"start":{"line":30,"column":68},"end":{"line":30,"column":77}}]}},"s":{"0":11,"1":11,"2":11,"3":0,"4":0,"5":0,"6":0,"7":0,"8":0,"9":0,"10":0,"11":11},"f":{"0":0},"b":{"0":[0,0],"1":[0,0],"2":[0,0],"3":[0,0]}}
,"/home/smbat/Projects/lunch.app/backend/src/middleware/tenant.ts": {"path":"/home/smbat/Projects/lunch.app/backend/src/middleware/tenant.ts","statementMap":{"0":{"start":{"line":4,"column":32},"end":{"line":15,"column":1}},"1":{"start":{"line":11,"column":2},"end":{"line":13,"column":3}},"2":{"start":{"line":12,"column":4},"end":{"line":12,"column":70}},"3":{"start":{"line":14,"column":2},"end":{"line":14,"column":9}},"4":{"start":{"line":4,"column":13},"end":{"line":4,"column":32}}},"fnMap":{"0":{"name":"(anonymous_0)","decl":{"start":{"line":4,"column":32},"end":{"line":4,"column":null}},"loc":{"start":{"line":8,"column":4},"end":{"line":15,"column":1}}}},"branchMap":{"0":{"loc":{"start":{"line":11,"column":2},"end":{"line":13,"column":3}},"type":"if","locations":[{"start":{"line":11,"column":2},"end":{"line":13,"column":3}},{"start":{},"end":{}}]}},"s":{"0":0,"1":0,"2":0,"3":0,"4":0},"f":{"0":0},"b":{"0":[0,0]}}
,"/home/smbat/Projects/lunch.app/backend/src/middleware/validation.ts": {"path":"/home/smbat/Projects/lunch.app/backend/src/middleware/validation.ts","statementMap":{"0":{"start":{"line":2,"column":0},"end":{"line":2,"column":45}},"1":{"start":{"line":5,"column":2},"end":{"line":32,"column":3}},"2":{"start":{"line":6,"column":2},"end":{"line":32,"column":3}},"3":{"start":{"line":7,"column":4},"end":{"line":31,"column":5}},"4":{"start":{"line":8,"column":6},"end":{"line":12,"column":9}},"5":{"start":{"line":13,"column":6},"end":{"line":13,"column":13}},"6":{"start":{"line":15,"column":6},"end":{"line":29,"column":7}},"7":{"start":{"line":17,"column":27},"end":{"line":17,"column":42}},"8":{"start":{"line":18,"column":22},"end":{"line":18,"column":40}},"9":{"start":{"line":20,"column":8},"end":{"line":23,"column":9}},"10":{"start":{"line":21,"column":24},"end":{"line":21,"column":67}},"11":{"start":{"line":22,"column":10},"end":{"line":22,"column":67}},"12":{"start":{"line":25,"column":8},"end":{"line":28,"column":11}},"13":{"start":{"line":30,"column":6},"end":{"line":30,"column":18}},"14":{"start":{"line":4,"column":13},"end":{"line":4,"column":null}}},"fnMap":{"0":{"name":"(anonymous_0)","decl":{"start":{"line":5,"column":2},"end":{"line":5,"column":3}},"loc":{"start":{"line":6,"column":2},"end":{"line":32,"column":3}}},"1":{"name":"(anonymous_1)","decl":{"start":{"line":6,"column":2},"end":{"line":6,"column":7}},"loc":{"start":{"line":6,"column":60},"end":{"line":32,"column":3}}}},"branchMap":{"0":{"loc":{"start":{"line":15,"column":6},"end":{"line":29,"column":7}},"type":"if","locations":[{"start":{"line":15,"column":6},"end":{"line":29,"column":7}},{"start":{},"end":{}}]},"1":{"loc":{"start":{"line":20,"column":8},"end":{"line":23,"column":9}},"type":"if","locations":[{"start":{"line":20,"column":8},"end":{"line":23,"column":9}},{"start":{},"end":{}}]}},"s":{"0":13,"1":13,"2":138,"3":217,"4":217,"5":198,"6":19,"7":19,"8":19,"9":19,"10":19,"11":19,"12":19,"13":0,"14":13},"f":{"0":138,"1":217},"b":{"0":[19,0],"1":[19,0]}}
,"/home/smbat/Projects/lunch.app/backend/src/modules/auth/auth.controller.ts": {"path":"/home/smbat/Projects/lunch.app/backend/src/modules/auth/auth.controller.ts","statementMap":{"0":{"start":{"line":2,"column":0},"end":{"line":2,"column":43}},"1":{"start":{"line":3,"column":0},"end":{"line":3,"column":67}},"2":{"start":{"line":4,"column":0},"end":{"line":4,"column":48}},"3":{"start":{"line":7,"column":24},"end":{"line":115,"column":1}},"4":{"start":{"line":8,"column":2},"end":{"line":114,"column":3}},"5":{"start":{"line":10,"column":6},"end":{"line":10,"column":14}},"6":{"start":{"line":13,"column":25},"end":{"line":20,"column":6}},"7":{"start":{"line":22,"column":4},"end":{"line":24,"column":5}},"8":{"start":{"line":23,"column":6},"end":{"line":23,"column":71}},"9":{"start":{"line":27,"column":27},"end":{"line":27,"column":55}},"10":{"start":{"line":32,"column":4},"end":{"line":89,"column":5}},"11":{"start":{"line":34,"column":22},"end":{"line":36,"column":8}},"12":{"start":{"line":38,"column":6},"end":{"line":40,"column":7}},"13":{"start":{"line":39,"column":8},"end":{"line":39,"column":70}},"14":{"start":{"line":42,"column":19},"end":{"line":50,"column":8}},"15":{"start":{"line":52,"column":6},"end":{"line":52,"column":33}},"16":{"start":{"line":55,"column":6},"end":{"line":57,"column":7}},"17":{"start":{"line":56,"column":8},"end":{"line":56,"column":81}},"18":{"start":{"line":60,"column":30},"end":{"line":62,"column":8}},"19":{"start":{"line":64,"column":6},"end":{"line":66,"column":7}},"20":{"start":{"line":65,"column":8},"end":{"line":65,"column":79}},"21":{"start":{"line":68,"column":6},"end":{"line":88,"column":9}},"22":{"start":{"line":69,"column":24},"end":{"line":75,"column":10}},"23":{"start":{"line":77,"column":21},"end":{"line":85,"column":10}},"24":{"start":{"line":87,"column":8},"end":{"line":87,"column":33}},"25":{"start":{"line":92,"column":18},"end":{"line":97,"column":6}},"26":{"start":{"line":99,"column":4},"end":{"line":110,"column":7}},"27":{"start":{"line":112,"column":4},"end":{"line":112,"column":48}},"28":{"start":{"line":113,"column":4},"end":{"line":113,"column":68}},"29":{"start":{"line":7,"column":13},"end":{"line":7,"column":24}},"30":{"start":{"line":117,"column":21},"end":{"line":169,"column":1}},"31":{"start":{"line":118,"column":2},"end":{"line":168,"column":3}},"32":{"start":{"line":119,"column":32},"end":{"line":119,"column":40}},"33":{"start":{"line":122,"column":17},"end":{"line":132,"column":6}},"34":{"start":{"line":134,"column":4},"end":{"line":136,"column":5}},"35":{"start":{"line":135,"column":6},"end":{"line":135,"column":70}},"36":{"start":{"line":139,"column":28},"end":{"line":139,"column":74}},"37":{"start":{"line":141,"column":4},"end":{"line":143,"column":5}},"38":{"start":{"line":142,"column":6},"end":{"line":142,"column":70}},"39":{"start":{"line":146,"column":18},"end":{"line":151,"column":6}},"40":{"start":{"line":153,"column":4},"end":{"line":164,"column":7}},"41":{"start":{"line":166,"column":4},"end":{"line":166,"column":41}},"42":{"start":{"line":167,"column":4},"end":{"line":167,"column":61}},"43":{"start":{"line":117,"column":13},"end":{"line":117,"column":21}},"44":{"start":{"line":171,"column":30},"end":{"line":201,"column":1}},"45":{"start":{"line":172,"column":2},"end":{"line":200,"column":3}},"46":{"start":{"line":173,"column":4},"end":{"line":175,"column":5}},"47":{"start":{"line":174,"column":6},"end":{"line":174,"column":68}},"48":{"start":{"line":177,"column":17},"end":{"line":182,"column":6}},"49":{"start":{"line":184,"column":4},"end":{"line":186,"column":5}},"50":{"start":{"line":185,"column":6},"end":{"line":185,"column":65}},"51":{"start":{"line":188,"column":4},"end":{"line":196,"column":7}},"52":{"start":{"line":198,"column":4},"end":{"line":198,"column":52}},"53":{"start":{"line":199,"column":4},"end":{"line":199,"column":67}},"54":{"start":{"line":171,"column":13},"end":{"line":171,"column":30}},"55":{"start":{"line":203,"column":22},"end":{"line":207,"column":1}},"56":{"start":{"line":206,"column":2},"end":{"line":206,"column":70}},"57":{"start":{"line":203,"column":13},"end":{"line":203,"column":22}}},"fnMap":{"0":{"name":"(anonymous_1)","decl":{"start":{"line":7,"column":24},"end":{"line":7,"column":29}},"loc":{"start":{"line":7,"column":66},"end":{"line":115,"column":1}}},"1":{"name":"(anonymous_2)","decl":{"start":{"line":68,"column":41},"end":{"line":68,"column":46}},"loc":{"start":{"line":68,"column":54},"end":{"line":88,"column":7}}},"2":{"name":"(anonymous_3)","decl":{"start":{"line":117,"column":21},"end":{"line":117,"column":26}},"loc":{"start":{"line":117,"column":63},"end":{"line":169,"column":1}}},"3":{"name":"(anonymous_4)","decl":{"start":{"line":171,"column":30},"end":{"line":171,"column":35}},"loc":{"start":{"line":171,"column":72},"end":{"line":201,"column":1}}},"4":{"name":"(anonymous_5)","decl":{"start":{"line":203,"column":22},"end":{"line":203,"column":27}},"loc":{"start":{"line":203,"column":64},"end":{"line":207,"column":1}}}},"branchMap":{"0":{"loc":{"start":{"line":22,"column":4},"end":{"line":24,"column":5}},"type":"if","locations":[{"start":{"line":22,"column":4},"end":{"line":24,"column":5}},{"start":{},"end":{}}]},"1":{"loc":{"start":{"line":32,"column":4},"end":{"line":89,"column":5}},"type":"if","locations":[{"start":{"line":32,"column":4},"end":{"line":89,"column":5}},{"start":{"line":53,"column":11},"end":{"line":89,"column":5}}]},"2":{"loc":{"start":{"line":38,"column":6},"end":{"line":40,"column":7}},"type":"if","locations":[{"start":{"line":38,"column":6},"end":{"line":40,"column":7}},{"start":{},"end":{}}]},"3":{"loc":{"start":{"line":47,"column":16},"end":{"line":47,"column":30}},"type":"binary-expr","locations":[{"start":{"line":47,"column":16},"end":{"line":47,"column":20}},{"start":{"line":47,"column":24},"end":{"line":47,"column":30}}]},"4":{"loc":{"start":{"line":55,"column":6},"end":{"line":57,"column":7}},"type":"if","locations":[{"start":{"line":55,"column":6},"end":{"line":57,"column":7}},{"start":{},"end":{}}]},"5":{"loc":{"start":{"line":55,"column":10},"end":{"line":55,"column":56}},"type":"binary-expr","locations":[{"start":{"line":55,"column":10},"end":{"line":55,"column":22}},{"start":{"line":55,"column":26},"end":{"line":55,"column":40}},{"start":{"line":55,"column":44},"end":{"line":55,"column":56}}]},"6":{"loc":{"start":{"line":64,"column":6},"end":{"line":66,"column":7}},"type":"if","locations":[{"start":{"line":64,"column":6},"end":{"line":66,"column":7}},{"start":{},"end":{}}]},"7":{"loc":{"start":{"line":134,"column":4},"end":{"line":136,"column":5}},"type":"if","locations":[{"start":{"line":134,"column":4},"end":{"line":136,"column":5}},{"start":{},"end":{}}]},"8":{"loc":{"start":{"line":141,"column":4},"end":{"line":143,"column":5}},"type":"if","locations":[{"start":{"line":141,"column":4},"end":{"line":143,"column":5}},{"start":{},"end":{}}]},"9":{"loc":{"start":{"line":173,"column":4},"end":{"line":175,"column":5}},"type":"if","locations":[{"start":{"line":173,"column":4},"end":{"line":175,"column":5}},{"start":{},"end":{}}]},"10":{"loc":{"start":{"line":184,"column":4},"end":{"line":186,"column":5}},"type":"if","locations":[{"start":{"line":184,"column":4},"end":{"line":186,"column":5}},{"start":{},"end":{}}]}},"s":{"0":12,"1":12,"2":12,"3":12,"4":12,"5":12,"6":12,"7":12,"8":3,"9":9,"10":9,"11":6,"12":6,"13":1,"14":5,"15":5,"16":3,"17":1,"18":2,"19":2,"20":1,"21":1,"22":1,"23":1,"24":1,"25":6,"26":6,"27":0,"28":0,"29":12,"30":12,"31":24,"32":24,"33":24,"34":24,"35":13,"36":11,"37":11,"38":3,"39":8,"40":8,"41":0,"42":0,"43":12,"44":12,"45":2,"46":2,"47":0,"48":2,"49":2,"50":0,"51":2,"52":0,"53":0,"54":12,"55":12,"56":2,"57":12},"f":{"0":12,"1":1,"2":24,"3":2,"4":2},"b":{"0":[3,9],"1":[6,3],"2":[1,5],"3":[5,4],"4":[1,2],"5":[3,2,2],"6":[1,1],"7":[13,11],"8":[3,8],"9":[0,2],"10":[0,2]}}
,"/home/smbat/Projects/lunch.app/backend/src/modules/auth/auth.routes.ts": {"path":"/home/smbat/Projects/lunch.app/backend/src/modules/auth/auth.routes.ts","statementMap":{"0":{"start":{"line":1,"column":0},"end":{"line":1,"column":33}},"1":{"start":{"line":2,"column":0},"end":{"line":2,"column":76}},"2":{"start":{"line":3,"column":0},"end":{"line":3,"column":55}},"3":{"start":{"line":4,"column":0},"end":{"line":4,"column":64}},"4":{"start":{"line":5,"column":0},"end":{"line":5,"column":55}},"5":{"start":{"line":7,"column":15},"end":{"line":7,"column":23}},"6":{"start":{"line":9,"column":0},"end":{"line":9,"column":61}},"7":{"start":{"line":10,"column":0},"end":{"line":10,"column":52}},"8":{"start":{"line":11,"column":0},"end":{"line":11,"column":50}},"9":{"start":{"line":12,"column":0},"end":{"line":12,"column":31}},"10":{"start":{"line":14,"column":0},"end":{"line":14,"column":22}}},"fnMap":{},"branchMap":{},"s":{"0":12,"1":12,"2":12,"3":12,"4":12,"5":12,"6":12,"7":12,"8":12,"9":12,"10":12},"f":{},"b":{}}
,"/home/smbat/Projects/lunch.app/backend/src/modules/auth/auth.validation.ts": {"path":"/home/smbat/Projects/lunch.app/backend/src/modules/auth/auth.validation.ts","statementMap":{"0":{"start":{"line":1,"column":0},"end":{"line":1,"column":24}},"1":{"start":{"line":3,"column":13},"end":{"line":14,"column":3}},"2":{"start":{"line":16,"column":13},"end":{"line":21,"column":3}}},"fnMap":{},"branchMap":{},"s":{"0":12,"1":12,"2":12},"f":{},"b":{}}
,"/home/smbat/Projects/lunch.app/backend/src/modules/events/events.controller.ts": {"path":"/home/smbat/Projects/lunch.app/backend/src/modules/events/events.controller.ts","statementMap":{"0":{"start":{"line":2,"column":0},"end":{"line":2,"column":43}},"1":{"start":{"line":4,"column":0},"end":{"line":4,"column":48}},"2":{"start":{"line":5,"column":0},"end":{"line":5,"column":106}},"3":{"start":{"line":7,"column":25},"end":{"line":52,"column":1}},"4":{"start":{"line":8,"column":2},"end":{"line":51,"column":3}},"5":{"start":{"line":9,"column":23},"end":{"line":9,"column":32}},"6":{"start":{"line":11,"column":19},"end":{"line":45,"column":6}},"7":{"start":{"line":47,"column":4},"end":{"line":47,"column":38}},"8":{"start":{"line":49,"column":4},"end":{"line":49,"column":46}},"9":{"start":{"line":50,"column":4},"end":{"line":50,"column":71}},"10":{"start":{"line":7,"column":13},"end":{"line":7,"column":25}},"11":{"start":{"line":54,"column":24},"end":{"line":120,"column":1}},"12":{"start":{"line":55,"column":2},"end":{"line":119,"column":3}},"13":{"start":{"line":56,"column":19},"end":{"line":56,"column":29}},"14":{"start":{"line":59,"column":18},"end":{"line":104,"column":6}},"15":{"start":{"line":106,"column":4},"end":{"line":108,"column":5}},"16":{"start":{"line":107,"column":6},"end":{"line":107,"column":66}},"17":{"start":{"line":111,"column":4},"end":{"line":113,"column":5}},"18":{"start":{"line":112,"column":6},"end":{"line":112,"column":64}},"19":{"start":{"line":115,"column":4},"end":{"line":115,"column":37}},"20":{"start":{"line":117,"column":4},"end":{"line":117,"column":45}},"21":{"start":{"line":118,"column":4},"end":{"line":118,"column":70}},"22":{"start":{"line":54,"column":13},"end":{"line":54,"column":24}},"23":{"start":{"line":122,"column":27},"end":{"line":198,"column":1}},"24":{"start":{"line":123,"column":2},"end":{"line":197,"column":3}},"25":{"start":{"line":125,"column":6},"end":{"line":125,"column":14}},"26":{"start":{"line":128,"column":21},"end":{"line":128,"column":44}},"27":{"start":{"line":129,"column":4},"end":{"line":131,"column":5}},"28":{"start":{"line":130,"column":6},"end":{"line":130,"column":87}},"29":{"start":{"line":134,"column":23},"end":{"line":138,"column":6}},"30":{"start":{"line":140,"column":4},"end":{"line":142,"column":5}},"31":{"start":{"line":141,"column":6},"end":{"line":141,"column":72}},"32":{"start":{"line":144,"column":4},"end":{"line":146,"column":5}},"33":{"start":{"line":145,"column":6},"end":{"line":145,"column":93}},"34":{"start":{"line":149,"column":18},"end":{"line":171,"column":6}},"35":{"start":{"line":174,"column":4},"end":{"line":179,"column":7}},"36":{"start":{"line":182,"column":25},"end":{"line":185,"column":6}},"37":{"start":{"line":187,"column":4},"end":{"line":191,"column":6}},"38":{"start":{"line":189,"column":28},"end":{"line":189,"column":32}},"39":{"start":{"line":193,"column":4},"end":{"line":193,"column":49}},"40":{"start":{"line":195,"column":4},"end":{"line":195,"column":48}},"41":{"start":{"line":196,"column":4},"end":{"line":196,"column":71}},"42":{"start":{"line":122,"column":13},"end":{"line":122,"column":27}},"43":{"start":{"line":200,"column":27},"end":{"line":301,"column":1}},"44":{"start":{"line":201,"column":2},"end":{"line":300,"column":3}},"45":{"start":{"line":202,"column":19},"end":{"line":202,"column":29}},"46":{"start":{"line":205,"column":21},"end":{"line":210,"column":6}},"47":{"start":{"line":212,"column":4},"end":{"line":214,"column":5}},"48":{"start":{"line":213,"column":6},"end":{"line":213,"column":66}},"49":{"start":{"line":216,"column":4},"end":{"line":218,"column":5}},"50":{"start":{"line":217,"column":6},"end":{"line":217,"column":86}},"51":{"start":{"line":223,"column":6},"end":{"line":224,"column":75}},"52":{"start":{"line":226,"column":4},"end":{"line":230,"column":5}},"53":{"start":{"line":227,"column":6},"end":{"line":229,"column":7}},"54":{"start":{"line":228,"column":8},"end":{"line":228,"column":95}},"55":{"start":{"line":232,"column":4},"end":{"line":234,"column":5}},"56":{"start":{"line":233,"column":6},"end":{"line":233,"column":118}},"57":{"start":{"line":236,"column":28},"end":{"line":236,"column":30}},"58":{"start":{"line":238,"column":4},"end":{"line":238,"column":68}},"59":{"start":{"line":238,"column":24},"end":{"line":238,"column":68}},"60":{"start":{"line":239,"column":4},"end":{"line":239,"column":130}},"61":{"start":{"line":239,"column":44},"end":{"line":239,"column":130}},"62":{"start":{"line":240,"column":4},"end":{"line":240,"column":101}},"63":{"start":{"line":240,"column":35},"end":{"line":240,"column":101}},"64":{"start":{"line":241,"column":4},"end":{"line":241,"column":82}},"65":{"start":{"line":241,"column":32},"end":{"line":241,"column":82}},"66":{"start":{"line":242,"column":4},"end":{"line":242,"column":61}},"67":{"start":{"line":242,"column":25},"end":{"line":242,"column":61}},"68":{"start":{"line":243,"column":4},"end":{"line":243,"column":130}},"69":{"start":{"line":243,"column":44},"end":{"line":243,"column":130}},"70":{"start":{"line":245,"column":4},"end":{"line":251,"column":5}},"71":{"start":{"line":246,"column":23},"end":{"line":246,"column":55}},"72":{"start":{"line":247,"column":6},"end":{"line":249,"column":7}},"73":{"start":{"line":248,"column":8},"end":{"line":248,"column":89}},"74":{"start":{"line":250,"column":6},"end":{"line":250,"column":42}},"75":{"start":{"line":253,"column":18},"end":{"line":273,"column":6}},"76":{"start":{"line":276,"column":27},"end":{"line":276,"column":65}},"77":{"start":{"line":276,"column":55},"end":{"line":276,"column":64}},"78":{"start":{"line":279,"column":4},"end":{"line":285,"column":5}},"79":{"start":{"line":280,"column":6},"end":{"line":284,"column":8}},"80":{"start":{"line":288,"column":4},"end":{"line":294,"column":5}},"81":{"start":{"line":289,"column":6},"end":{"line":293,"column":8}},"82":{"start":{"line":296,"column":4},"end":{"line":296,"column":37}},"83":{"start":{"line":298,"column":4},"end":{"line":298,"column":48}},"84":{"start":{"line":299,"column":4},"end":{"line":299,"column":71}},"85":{"start":{"line":200,"column":13},"end":{"line":200,"column":27}},"86":{"start":{"line":303,"column":27},"end":{"line":344,"column":1}},"87":{"start":{"line":304,"column":2},"end":{"line":343,"column":3}},"88":{"start":{"line":305,"column":19},"end":{"line":305,"column":29}},"89":{"start":{"line":308,"column":21},"end":{"line":320,"column":6}},"90":{"start":{"line":322,"column":4},"end":{"line":324,"column":5}},"91":{"start":{"line":323,"column":6},"end":{"line":323,"column":66}},"92":{"start":{"line":326,"column":4},"end":{"line":328,"column":5}},"93":{"start":{"line":327,"column":6},"end":{"line":327,"column":86}},"94":{"start":{"line":331,"column":4},"end":{"line":333,"column":5}},"95":{"start":{"line":332,"column":6},"end":{"line":332,"column":91}},"96":{"start":{"line":335,"column":4},"end":{"line":337,"column":7}},"97":{"start":{"line":339,"column":4},"end":{"line":339,"column":63}},"98":{"start":{"line":341,"column":4},"end":{"line":341,"column":48}},"99":{"start":{"line":342,"column":4},"end":{"line":342,"column":71}},"100":{"start":{"line":303,"column":13},"end":{"line":303,"column":27}},"101":{"start":{"line":346,"column":26},"end":{"line":406,"column":1}},"102":{"start":{"line":347,"column":2},"end":{"line":405,"column":3}},"103":{"start":{"line":348,"column":19},"end":{"line":348,"column":29}},"104":{"start":{"line":351,"column":21},"end":{"line":356,"column":6}},"105":{"start":{"line":358,"column":4},"end":{"line":360,"column":5}},"106":{"start":{"line":359,"column":6},"end":{"line":359,"column":66}},"107":{"start":{"line":362,"column":4},"end":{"line":364,"column":5}},"108":{"start":{"line":363,"column":6},"end":{"line":363,"column":85}},"109":{"start":{"line":367,"column":4},"end":{"line":369,"column":5}},"110":{"start":{"line":368,"column":6},"end":{"line":368,"column":74}},"111":{"start":{"line":371,"column":18},"end":{"line":391,"column":6}},"112":{"start":{"line":394,"column":27},"end":{"line":394,"column":65}},"113":{"start":{"line":394,"column":55},"end":{"line":394,"column":64}},"114":{"start":{"line":395,"column":4},"end":{"line":399,"column":6}},"115":{"start":{"line":401,"column":4},"end":{"line":401,"column":37}},"116":{"start":{"line":403,"column":4},"end":{"line":403,"column":47}},"117":{"start":{"line":404,"column":4},"end":{"line":404,"column":70}},"118":{"start":{"line":346,"column":13},"end":{"line":346,"column":26}},"119":{"start":{"line":408,"column":25},"end":{"line":490,"column":1}},"120":{"start":{"line":409,"column":2},"end":{"line":489,"column":3}},"121":{"start":{"line":410,"column":19},"end":{"line":410,"column":29}},"122":{"start":{"line":413,"column":18},"end":{"line":418,"column":6}},"123":{"start":{"line":420,"column":4},"end":{"line":422,"column":5}},"124":{"start":{"line":421,"column":6},"end":{"line":421,"column":83}},"125":{"start":{"line":425,"column":4},"end":{"line":427,"column":5}},"126":{"start":{"line":426,"column":6},"end":{"line":426,"column":75}},"127":{"start":{"line":430,"column":21},"end":{"line":437,"column":6}},"128":{"start":{"line":439,"column":4},"end":{"line":460,"column":5}},"129":{"start":{"line":441,"column":26},"end":{"line":457,"column":8}},"130":{"start":{"line":459,"column":6},"end":{"line":459,"column":57}},"131":{"start":{"line":462,"column":24},"end":{"line":476,"column":6}},"132":{"start":{"line":479,"column":4},"end":{"line":483,"column":7}},"133":{"start":{"line":485,"column":4},"end":{"line":485,"column":55}},"134":{"start":{"line":487,"column":4},"end":{"line":487,"column":46}},"135":{"start":{"line":488,"column":4},"end":{"line":488,"column":69}},"136":{"start":{"line":408,"column":13},"end":{"line":408,"column":25}},"137":{"start":{"line":496,"column":31},"end":{"line":562,"column":1}},"138":{"start":{"line":497,"column":2},"end":{"line":561,"column":3}},"139":{"start":{"line":498,"column":19},"end":{"line":498,"column":29}},"140":{"start":{"line":501,"column":18},"end":{"line":514,"column":6}},"141":{"start":{"line":516,"column":4},"end":{"line":518,"column":5}},"142":{"start":{"line":517,"column":6},"end":{"line":517,"column":66}},"143":{"start":{"line":521,"column":21},"end":{"line":521,"column":46}},"144":{"start":{"line":522,"column":22},"end":{"line":522,"column":45}},"145":{"start":{"line":523,"column":20},"end":{"line":523,"column":76}},"146":{"start":{"line":523,"column":57},"end":{"line":523,"column":75}},"147":{"start":{"line":524,"column":24},"end":{"line":524,"column":50}},"148":{"start":{"line":526,"column":4},"end":{"line":543,"column":5}},"149":{"start":{"line":528,"column":6},"end":{"line":531,"column":9}},"150":{"start":{"line":534,"column":29},"end":{"line":534,"column":67}},"151":{"start":{"line":534,"column":57},"end":{"line":534,"column":66}},"152":{"start":{"line":535,"column":6},"end":{"line":535,"column":89}},"153":{"start":{"line":537,"column":6},"end":{"line":542,"column":9}},"154":{"start":{"line":546,"column":4},"end":{"line":557,"column":7}},"155":{"start":{"line":559,"column":4},"end":{"line":559,"column":52}},"156":{"start":{"line":560,"column":4},"end":{"line":560,"column":75}},"157":{"start":{"line":496,"column":13},"end":{"line":496,"column":31}}},"fnMap":{"0":{"name":"(anonymous_1)","decl":{"start":{"line":7,"column":25},"end":{"line":7,"column":30}},"loc":{"start":{"line":7,"column":67},"end":{"line":52,"column":1}}},"1":{"name":"(anonymous_2)","decl":{"start":{"line":54,"column":24},"end":{"line":54,"column":29}},"loc":{"start":{"line":54,"column":66},"end":{"line":120,"column":1}}},"2":{"name":"(anonymous_3)","decl":{"start":{"line":122,"column":27},"end":{"line":122,"column":32}},"loc":{"start":{"line":122,"column":69},"end":{"line":198,"column":1}}},"3":{"name":"(anonymous_4)","decl":{"start":{"line":189,"column":23},"end":{"line":189,"column":24}},"loc":{"start":{"line":189,"column":28},"end":{"line":189,"column":32}}},"4":{"name":"(anonymous_5)","decl":{"start":{"line":200,"column":27},"end":{"line":200,"column":32}},"loc":{"start":{"line":200,"column":69},"end":{"line":301,"column":1}}},"5":{"name":"(anonymous_6)","decl":{"start":{"line":276,"column":50},"end":{"line":276,"column":51}},"loc":{"start":{"line":276,"column":55},"end":{"line":276,"column":64}}},"6":{"name":"(anonymous_7)","decl":{"start":{"line":303,"column":27},"end":{"line":303,"column":32}},"loc":{"start":{"line":303,"column":69},"end":{"line":344,"column":1}}},"7":{"name":"(anonymous_8)","decl":{"start":{"line":346,"column":26},"end":{"line":346,"column":31}},"loc":{"start":{"line":346,"column":68},"end":{"line":406,"column":1}}},"8":{"name":"(anonymous_9)","decl":{"start":{"line":394,"column":50},"end":{"line":394,"column":51}},"loc":{"start":{"line":394,"column":55},"end":{"line":394,"column":64}}},"9":{"name":"(anonymous_10)","decl":{"start":{"line":408,"column":25},"end":{"line":408,"column":30}},"loc":{"start":{"line":408,"column":67},"end":{"line":490,"column":1}}},"10":{"name":"(anonymous_11)","decl":{"start":{"line":496,"column":31},"end":{"line":496,"column":36}},"loc":{"start":{"line":496,"column":73},"end":{"line":562,"column":1}}},"11":{"name":"(anonymous_12)","decl":{"start":{"line":523,"column":52},"end":{"line":523,"column":53}},"loc":{"start":{"line":523,"column":57},"end":{"line":523,"column":75}}},"12":{"name":"(anonymous_13)","decl":{"start":{"line":534,"column":52},"end":{"line":534,"column":53}},"loc":{"start":{"line":534,"column":57},"end":{"line":534,"column":66}}}},"branchMap":{"0":{"loc":{"start":{"line":14,"column":12},"end":{"line":14,"column":47}},"type":"binary-expr","locations":[{"start":{"line":14,"column":12},"end":{"line":14,"column":18}},{"start":{"line":14,"column":22},"end":{"line":14,"column":47}}]},"1":{"loc":{"start":{"line":106,"column":4},"end":{"line":108,"column":5}},"type":"if","locations":[{"start":{"line":106,"column":4},"end":{"line":108,"column":5}},{"start":{},"end":{}}]},"2":{"loc":{"start":{"line":111,"column":4},"end":{"line":113,"column":5}},"type":"if","locations":[{"start":{"line":111,"column":4},"end":{"line":113,"column":5}},{"start":{},"end":{}}]},"3":{"loc":{"start":{"line":129,"column":4},"end":{"line":131,"column":5}},"type":"if","locations":[{"start":{"line":129,"column":4},"end":{"line":131,"column":5}},{"start":{},"end":{}}]},"4":{"loc":{"start":{"line":140,"column":4},"end":{"line":142,"column":5}},"type":"if","locations":[{"start":{"line":140,"column":4},"end":{"line":142,"column":5}},{"start":{},"end":{}}]},"5":{"loc":{"start":{"line":144,"column":4},"end":{"line":146,"column":5}},"type":"if","locations":[{"start":{"line":144,"column":4},"end":{"line":146,"column":5}},{"start":{},"end":{}}]},"6":{"loc":{"start":{"line":152,"column":21},"end":{"line":152,"column":63}},"type":"cond-expr","locations":[{"start":{"line":152,"column":35},"end":{"line":152,"column":56}},{"start":{"line":152,"column":59},"end":{"line":152,"column":63}}]},"7":{"loc":{"start":{"line":153,"column":26},"end":{"line":153,"column":82}},"type":"cond-expr","locations":[{"start":{"line":153,"column":45},"end":{"line":153,"column":71}},{"start":{"line":153,"column":74},"end":{"line":153,"column":82}}]},"8":{"loc":{"start":{"line":155,"column":23},"end":{"line":155,"column":55}},"type":"binary-expr","locations":[{"start":{"line":155,"column":23},"end":{"line":155,"column":36}},{"start":{"line":155,"column":40},"end":{"line":155,"column":55}}]},"9":{"loc":{"start":{"line":212,"column":4},"end":{"line":214,"column":5}},"type":"if","locations":[{"start":{"line":212,"column":4},"end":{"line":214,"column":5}},{"start":{},"end":{}}]},"10":{"loc":{"start":{"line":216,"column":4},"end":{"line":218,"column":5}},"type":"if","locations":[{"start":{"line":216,"column":4},"end":{"line":218,"column":5}},{"start":{},"end":{}}]},"11":{"loc":{"start":{"line":216,"column":8},"end":{"line":216,"column":79}},"type":"binary-expr","locations":[{"start":{"line":216,"column":8},"end":{"line":216,"column":49}},{"start":{"line":216,"column":53},"end":{"line":216,"column":79}}]},"12":{"loc":{"start":{"line":223,"column":6},"end":{"line":224,"column":75}},"type":"binary-expr","locations":[{"start":{"line":223,"column":6},"end":{"line":223,"column":39}},{"start":{"line":224,"column":7},"end":{"line":224,"column":41}},{"start":{"line":224,"column":45},"end":{"line":224,"column":74}}]},"13":{"loc":{"start":{"line":226,"column":4},"end":{"line":230,"column":5}},"type":"if","locations":[{"start":{"line":226,"column":4},"end":{"line":230,"column":5}},{"start":{},"end":{}}]},"14":{"loc":{"start":{"line":226,"column":8},"end":{"line":226,"column":74}},"type":"binary-expr","locations":[{"start":{"line":226,"column":8},"end":{"line":226,"column":39}},{"start":{"line":226,"column":43},"end":{"line":226,"column":74}}]},"15":{"loc":{"start":{"line":227,"column":6},"end":{"line":229,"column":7}},"type":"if","locations":[{"start":{"line":227,"column":6},"end":{"line":229,"column":7}},{"start":{},"end":{}}]},"16":{"loc":{"start":{"line":232,"column":4},"end":{"line":234,"column":5}},"type":"if","locations":[{"start":{"line":232,"column":4},"end":{"line":234,"column":5}},{"start":{},"end":{}}]},"17":{"loc":{"start":{"line":232,"column":8},"end":{"line":232,"column":65}},"type":"binary-expr","locations":[{"start":{"line":232,"column":8},"end":{"line":232,"column":36}},{"start":{"line":232,"column":40},"end":{"line":232,"column":65}}]},"18":{"loc":{"start":{"line":238,"column":4},"end":{"line":238,"column":68}},"type":"if","locations":[{"start":{"line":238,"column":4},"end":{"line":238,"column":68}},{"start":{},"end":{}}]},"19":{"loc":{"start":{"line":239,"column":4},"end":{"line":239,"column":130}},"type":"if","locations":[{"start":{"line":239,"column":4},"end":{"line":239,"column":130}},{"start":{},"end":{}}]},"20":{"loc":{"start":{"line":239,"column":69},"end":{"line":239,"column":129}},"type":"cond-expr","locations":[{"start":{"line":239,"column":92},"end":{"line":239,"column":122}},{"start":{"line":239,"column":125},"end":{"line":239,"column":129}}]},"21":{"loc":{"start":{"line":240,"column":4},"end":{"line":240,"column":101}},"type":"if","locations":[{"start":{"line":240,"column":4},"end":{"line":240,"column":101}},{"start":{},"end":{}}]},"22":{"loc":{"start":{"line":241,"column":4},"end":{"line":241,"column":82}},"type":"if","locations":[{"start":{"line":241,"column":4},"end":{"line":241,"column":82}},{"start":{},"end":{}}]},"23":{"loc":{"start":{"line":242,"column":4},"end":{"line":242,"column":61}},"type":"if","locations":[{"start":{"line":242,"column":4},"end":{"line":242,"column":61}},{"start":{},"end":{}}]},"24":{"loc":{"start":{"line":243,"column":4},"end":{"line":243,"column":130}},"type":"if","locations":[{"start":{"line":243,"column":4},"end":{"line":243,"column":130}},{"start":{},"end":{}}]},"25":{"loc":{"start":{"line":243,"column":69},"end":{"line":243,"column":129}},"type":"cond-expr","locations":[{"start":{"line":243,"column":92},"end":{"line":243,"column":122}},{"start":{"line":243,"column":125},"end":{"line":243,"column":129}}]},"26":{"loc":{"start":{"line":245,"column":4},"end":{"line":251,"column":5}},"type":"if","locations":[{"start":{"line":245,"column":4},"end":{"line":251,"column":5}},{"start":{},"end":{}}]},"27":{"loc":{"start":{"line":247,"column":6},"end":{"line":249,"column":7}},"type":"if","locations":[{"start":{"line":247,"column":6},"end":{"line":249,"column":7}},{"start":{},"end":{}}]},"28":{"loc":{"start":{"line":279,"column":4},"end":{"line":285,"column":5}},"type":"if","locations":[{"start":{"line":279,"column":4},"end":{"line":285,"column":5}},{"start":{},"end":{}}]},"29":{"loc":{"start":{"line":279,"column":8},"end":{"line":279,"column":68}},"type":"binary-expr","locations":[{"start":{"line":279,"column":8},"end":{"line":279,"column":42}},{"start":{"line":279,"column":46},"end":{"line":279,"column":68}}]},"30":{"loc":{"start":{"line":288,"column":4},"end":{"line":294,"column":5}},"type":"if","locations":[{"start":{"line":288,"column":4},"end":{"line":294,"column":5}},{"start":{},"end":{}}]},"31":{"loc":{"start":{"line":288,"column":8},"end":{"line":288,"column":76}},"type":"binary-expr","locations":[{"start":{"line":288,"column":8},"end":{"line":288,"column":39}},{"start":{"line":288,"column":43},"end":{"line":288,"column":76}}]},"32":{"loc":{"start":{"line":322,"column":4},"end":{"line":324,"column":5}},"type":"if","locations":[{"start":{"line":322,"column":4},"end":{"line":324,"column":5}},{"start":{},"end":{}}]},"33":{"loc":{"start":{"line":326,"column":4},"end":{"line":328,"column":5}},"type":"if","locations":[{"start":{"line":326,"column":4},"end":{"line":328,"column":5}},{"start":{},"end":{}}]},"34":{"loc":{"start":{"line":326,"column":8},"end":{"line":326,"column":79}},"type":"binary-expr","locations":[{"start":{"line":326,"column":8},"end":{"line":326,"column":49}},{"start":{"line":326,"column":53},"end":{"line":326,"column":79}}]},"35":{"loc":{"start":{"line":331,"column":4},"end":{"line":333,"column":5}},"type":"if","locations":[{"start":{"line":331,"column":4},"end":{"line":333,"column":5}},{"start":{},"end":{}}]},"36":{"loc":{"start":{"line":358,"column":4},"end":{"line":360,"column":5}},"type":"if","locations":[{"start":{"line":358,"column":4},"end":{"line":360,"column":5}},{"start":{},"end":{}}]},"37":{"loc":{"start":{"line":362,"column":4},"end":{"line":364,"column":5}},"type":"if","locations":[{"start":{"line":362,"column":4},"end":{"line":364,"column":5}},{"start":{},"end":{}}]},"38":{"loc":{"start":{"line":362,"column":8},"end":{"line":362,"column":79}},"type":"binary-expr","locations":[{"start":{"line":362,"column":8},"end":{"line":362,"column":49}},{"start":{"line":362,"column":53},"end":{"line":362,"column":79}}]},"39":{"loc":{"start":{"line":367,"column":4},"end":{"line":369,"column":5}},"type":"if","locations":[{"start":{"line":367,"column":4},"end":{"line":369,"column":5}},{"start":{},"end":{}}]},"40":{"loc":{"start":{"line":367,"column":8},"end":{"line":367,"column":106}},"type":"binary-expr","locations":[{"start":{"line":367,"column":8},"end":{"line":367,"column":36}},{"start":{"line":367,"column":40},"end":{"line":367,"column":71}},{"start":{"line":367,"column":75},"end":{"line":367,"column":106}}]},"41":{"loc":{"start":{"line":420,"column":4},"end":{"line":422,"column":5}},"type":"if","locations":[{"start":{"line":420,"column":4},"end":{"line":422,"column":5}},{"start":{},"end":{}}]},"42":{"loc":{"start":{"line":425,"column":4},"end":{"line":427,"column":5}},"type":"if","locations":[{"start":{"line":425,"column":4},"end":{"line":427,"column":5}},{"start":{},"end":{}}]},"43":{"loc":{"start":{"line":439,"column":4},"end":{"line":460,"column":5}},"type":"if","locations":[{"start":{"line":439,"column":4},"end":{"line":460,"column":5}},{"start":{},"end":{}}]},"44":{"loc":{"start":{"line":516,"column":4},"end":{"line":518,"column":5}},"type":"if","locations":[{"start":{"line":516,"column":4},"end":{"line":518,"column":5}},{"start":{},"end":{}}]},"45":{"loc":{"start":{"line":523,"column":20},"end":{"line":523,"column":76}},"type":"binary-expr","locations":[{"start":{"line":523,"column":20},"end":{"line":523,"column":29}},{"start":{"line":523,"column":33},"end":{"line":523,"column":76}}]},"46":{"loc":{"start":{"line":526,"column":4},"end":{"line":543,"column":5}},"type":"if","locations":[{"start":{"line":526,"column":4},"end":{"line":543,"column":5}},{"start":{},"end":{}}]},"47":{"loc":{"start":{"line":526,"column":8},"end":{"line":526,"column":74}},"type":"binary-expr","locations":[{"start":{"line":526,"column":8},"end":{"line":526,"column":16}},{"start":{"line":526,"column":20},"end":{"line":526,"column":27}},{"start":{"line":526,"column":31},"end":{"line":526,"column":42}},{"start":{"line":526,"column":46},"end":{"line":526,"column":74}}]}},"s":{"0":11,"1":11,"2":11,"3":11,"4":8,"5":8,"6":8,"7":8,"8":0,"9":0,"10":11,"11":11,"12":19,"13":19,"14":19,"15":19,"16":1,"17":18,"18":3,"19":15,"20":0,"21":0,"22":11,"23":11,"24":56,"25":56,"26":56,"27":56,"28":1,"29":55,"30":55,"31":1,"32":54,"33":1,"34":53,"35":53,"36":53,"37":53,"38":155,"39":53,"40":0,"41":0,"42":11,"43":11,"44":33,"45":33,"46":33,"47":33,"48":0,"49":33,"50":3,"51":30,"52":30,"53":0,"54":0,"55":30,"56":1,"57":29,"58":29,"59":2,"60":29,"61":1,"62":29,"63":0,"64":29,"65":0,"66":29,"67":6,"68":29,"69":23,"70":29,"71":2,"72":2,"73":1,"74":1,"75":28,"76":28,"77":43,"78":28,"79":23,"80":28,"81":6,"82":28,"83":0,"84":0,"85":11,"86":11,"87":2,"88":2,"89":2,"90":2,"91":0,"92":2,"93":1,"94":1,"95":0,"96":1,"97":1,"98":0,"99":0,"100":11,"101":11,"102":34,"103":34,"104":34,"105":34,"106":0,"107":34,"108":1,"109":33,"110":1,"111":32,"112":32,"113":53,"114":32,"115":32,"116":0,"117":0,"118":11,"119":11,"120":52,"121":52,"122":52,"123":52,"124":1,"125":51,"126":1,"127":50,"128":50,"129":3,"130":3,"131":47,"132":47,"133":47,"134":0,"135":0,"136":11,"137":11,"138":10,"139":10,"140":10,"141":10,"142":0,"143":10,"144":10,"145":10,"146":13,"147":10,"148":10,"149":6,"150":6,"151":12,"152":6,"153":6,"154":4,"155":0,"156":0,"157":11},"f":{"0":8,"1":19,"2":56,"3":155,"4":33,"5":43,"6":2,"7":34,"8":53,"9":52,"10":10,"11":13,"12":12},"b":{"0":[8,0],"1":[1,18],"2":[3,15],"3":[1,55],"4":[1,54],"5":[1,53],"6":[5,48],"7":[50,3],"8":[53,3],"9":[0,33],"10":[3,30],"11":[33,3],"12":[30,30,7],"13":[0,30],"14":[30,30],"15":[0,0],"16":[1,29],"17":[30,23],"18":[2,27],"19":[1,28],"20":[1,0],"21":[0,29],"22":[0,29],"23":[6,23],"24":[23,6],"25":[23,0],"26":[2,27],"27":[1,1],"28":[23,5],"29":[28,23],"30":[6,22],"31":[28,6],"32":[0,2],"33":[1,1],"34":[2,1],"35":[0,1],"36":[0,34],"37":[1,33],"38":[34,1],"39":[1,32],"40":[33,32,32],"41":[1,51],"42":[1,50],"43":[3,47],"44":[0,10],"45":[10,10],"46":[6,4],"47":[10,9,7,6]}}
,"/home/smbat/Projects/lunch.app/backend/src/modules/events/events.routes.ts": {"path":"/home/smbat/Projects/lunch.app/backend/src/modules/events/events.routes.ts","statementMap":{"0":{"start":{"line":1,"column":0},"end":{"line":1,"column":33}},"1":{"start":{"line":2,"column":0},"end":{"line":2,"column":null}},"2":{"start":{"line":12,"column":0},"end":{"line":12,"column":55}},"3":{"start":{"line":13,"column":0},"end":{"line":13,"column":75}},"4":{"start":{"line":14,"column":0},"end":{"line":14,"column":55}},"5":{"start":{"line":16,"column":15},"end":{"line":16,"column":23}},"6":{"start":{"line":19,"column":0},"end":{"line":19,"column":27}},"7":{"start":{"line":21,"column":0},"end":{"line":21,"column":27}},"8":{"start":{"line":22,"column":0},"end":{"line":22,"column":29}},"9":{"start":{"line":23,"column":0},"end":{"line":23,"column":59}},"10":{"start":{"line":24,"column":0},"end":{"line":24,"column":63}},"11":{"start":{"line":25,"column":0},"end":{"line":25,"column":35}},"12":{"start":{"line":26,"column":0},"end":{"line":26,"column":38}},"13":{"start":{"line":27,"column":0},"end":{"line":27,"column":36}},"14":{"start":{"line":28,"column":0},"end":{"line":28,"column":54}},"15":{"start":{"line":30,"column":0},"end":{"line":30,"column":22}}},"fnMap":{},"branchMap":{},"s":{"0":11,"1":11,"2":11,"3":11,"4":11,"5":11,"6":11,"7":11,"8":11,"9":11,"10":11,"11":11,"12":11,"13":11,"14":11,"15":11},"f":{},"b":{}}
,"/home/smbat/Projects/lunch.app/backend/src/modules/events/events.validation.ts": {"path":"/home/smbat/Projects/lunch.app/backend/src/modules/events/events.validation.ts","statementMap":{"0":{"start":{"line":1,"column":0},"end":{"line":1,"column":24}},"1":{"start":{"line":3,"column":13},"end":{"line":12,"column":3}},"2":{"start":{"line":14,"column":13},"end":{"line":23,"column":3}}},"fnMap":{},"branchMap":{},"s":{"0":11,"1":11,"2":11},"f":{},"b":{}}
,"/home/smbat/Projects/lunch.app/backend/src/modules/notifications/analytics.controller.ts": {"path":"/home/smbat/Projects/lunch.app/backend/src/modules/notifications/analytics.controller.ts","statementMap":{"0":{"start":{"line":2,"column":0},"end":{"line":2,"column":43}},"1":{"start":{"line":5,"column":47},"end":{"line":49,"column":1}},"2":{"start":{"line":6,"column":2},"end":{"line":8,"column":3}},"3":{"start":{"line":7,"column":4},"end":{"line":7,"column":59}},"4":{"start":{"line":10,"column":20},"end":{"line":10,"column":38}},"5":{"start":{"line":16,"column":6},"end":{"line":28,"column":4}},"6":{"start":{"line":30,"column":19},"end":{"line":36,"column":null}},"7":{"start":{"line":32,"column":6},"end":{"line":32,"column":48}},"8":{"start":{"line":33,"column":6},"end":{"line":33,"column":53}},"9":{"start":{"line":34,"column":6},"end":{"line":34,"column":17}},"10":{"start":{"line":39,"column":2},"end":{"line":48,"column":5}},"11":{"start":{"line":5,"column":13},"end":{"line":5,"column":47}}},"fnMap":{"0":{"name":"(anonymous_1)","decl":{"start":{"line":5,"column":47},"end":{"line":5,"column":52}},"loc":{"start":{"line":5,"column":89},"end":{"line":49,"column":1}}},"1":{"name":"(anonymous_2)","decl":{"start":{"line":31,"column":4},"end":{"line":31,"column":5}},"loc":{"start":{"line":31,"column":17},"end":{"line":35,"column":5}}}},"branchMap":{"0":{"loc":{"start":{"line":6,"column":2},"end":{"line":8,"column":3}},"type":"if","locations":[{"start":{"line":6,"column":2},"end":{"line":8,"column":3}},{"start":{},"end":{}}]},"1":{"loc":{"start":{"line":32,"column":25},"end":{"line":32,"column":47}},"type":"binary-expr","locations":[{"start":{"line":32,"column":25},"end":{"line":32,"column":41}},{"start":{"line":32,"column":45},"end":{"line":32,"column":47}}]}},"s":{"0":11,"1":11,"2":1,"3":0,"4":1,"5":1,"6":1,"7":2,"8":2,"9":2,"10":1,"11":11},"f":{"0":1,"1":2},"b":{"0":[0,1],"1":[2,2]}}
,"/home/smbat/Projects/lunch.app/backend/src/modules/notifications/notification.service.ts": {"path":"/home/smbat/Projects/lunch.app/backend/src/modules/notifications/notification.service.ts","statementMap":{"0":{"start":{"line":23,"column":0},"end":{"line":23,"column":7}},"1":{"start":{"line":51,"column":0},"end":{"line":51,"column":7}},"2":{"start":{"line":88,"column":0},"end":{"line":88,"column":7}},"3":{"start":{"line":126,"column":0},"end":{"line":126,"column":7}},"4":{"start":{"line":152,"column":0},"end":{"line":152,"column":7}},"5":{"start":{"line":173,"column":0},"end":{"line":173,"column":7}},"6":{"start":{"line":185,"column":0},"end":{"line":185,"column":7}},"7":{"start":{"line":202,"column":0},"end":{"line":202,"column":7}},"8":{"start":{"line":216,"column":0},"end":{"line":216,"column":7}},"9":{"start":{"line":8,"column":0},"end":{"line":8,"column":43}},"10":{"start":{"line":9,"column":0},"end":{"line":9,"column":87}},"11":{"start":{"line":11,"column":0},"end":{"line":11,"column":58}},"12":{"start":{"line":24,"column":17},"end":{"line":26,"column":4}},"13":{"start":{"line":29,"column":2},"end":{"line":43,"column":3}},"14":{"start":{"line":30,"column":4},"end":{"line":42,"column":7}},"15":{"start":{"line":45,"column":2},"end":{"line":45,"column":18}},"16":{"start":{"line":55,"column":19},"end":{"line":55,"column":60}},"17":{"start":{"line":58,"column":2},"end":{"line":60,"column":3}},"18":{"start":{"line":59,"column":4},"end":{"line":59,"column":17}},"19":{"start":{"line":63,"column":2},"end":{"line":82,"column":3}},"20":{"start":{"line":65,"column":6},"end":{"line":65,"column":43}},"21":{"start":{"line":68,"column":6},"end":{"line":68,"column":42}},"22":{"start":{"line":70,"column":6},"end":{"line":70,"column":50}},"23":{"start":{"line":72,"column":6},"end":{"line":72,"column":42}},"24":{"start":{"line":74,"column":6},"end":{"line":74,"column":47}},"25":{"start":{"line":77,"column":6},"end":{"line":77,"column":45}},"26":{"start":{"line":79,"column":6},"end":{"line":79,"column":18}},"27":{"start":{"line":81,"column":6},"end":{"line":81,"column":18}},"28":{"start":{"line":91,"column":45},"end":{"line":91,"column":52}},"29":{"start":{"line":94,"column":23},"end":{"line":94,"column":59}},"30":{"start":{"line":95,"column":2},"end":{"line":97,"column":3}},"31":{"start":{"line":96,"column":4},"end":{"line":96,"column":16}},"32":{"start":{"line":100,"column":23},"end":{"line":115,"column":4}},"33":{"start":{"line":117,"column":2},"end":{"line":117,"column":45}},"34":{"start":{"line":118,"column":2},"end":{"line":118,"column":47}},"35":{"start":{"line":120,"column":2},"end":{"line":120,"column":22}},"36":{"start":{"line":131,"column":24},"end":{"line":131,"column":26}},"37":{"start":{"line":133,"column":2},"end":{"line":144,"column":3}},"38":{"start":{"line":134,"column":25},"end":{"line":139,"column":6}},"39":{"start":{"line":141,"column":4},"end":{"line":143,"column":5}},"40":{"start":{"line":142,"column":6},"end":{"line":142,"column":39}},"41":{"start":{"line":146,"column":2},"end":{"line":146,"column":23}},"42":{"start":{"line":153,"column":24},"end":{"line":165,"column":4}},"43":{"start":{"line":167,"column":2},"end":{"line":167,"column":23}},"44":{"start":{"line":174,"column":23},"end":{"line":177,"column":4}},"45":{"start":{"line":179,"column":2},"end":{"line":179,"column":22}},"46":{"start":{"line":186,"column":17},"end":{"line":194,"column":4}},"47":{"start":{"line":196,"column":2},"end":{"line":196,"column":16}},"48":{"start":{"line":203,"column":16},"end":{"line":208,"column":4}},"49":{"start":{"line":210,"column":2},"end":{"line":210,"column":15}},"50":{"start":{"line":217,"column":21},"end":{"line":217,"column":31}},"51":{"start":{"line":218,"column":2},"end":{"line":218,"column":53}},"52":{"start":{"line":220,"column":17},"end":{"line":227,"column":4}},"53":{"start":{"line":229,"column":2},"end":{"line":229,"column":16}}},"fnMap":{"0":{"name":"getUserNotificationSettings","decl":{"start":{"line":23,"column":22},"end":{"line":23,"column":49}},"loc":{"start":{"line":23,"column":64},"end":{"line":46,"column":1}}},"1":{"name":"shouldNotifyUser","decl":{"start":{"line":51,"column":22},"end":{"line":51,"column":38}},"loc":{"start":{"line":53,"column":24},"end":{"line":83,"column":1}}},"2":{"name":"createNotificationEvent","decl":{"start":{"line":88,"column":22},"end":{"line":88,"column":45}},"loc":{"start":{"line":89,"column":36},"end":{"line":121,"column":1}}},"3":{"name":"createNotificationEvents","decl":{"start":{"line":126,"column":22},"end":{"line":126,"column":46}},"loc":{"start":{"line":129,"column":50},"end":{"line":147,"column":1}}},"4":{"name":"getUnreadNotifications","decl":{"start":{"line":152,"column":22},"end":{"line":152,"column":44}},"loc":{"start":{"line":152,"column":59},"end":{"line":168,"column":1}}},"5":{"name":"markNotificationAsRead","decl":{"start":{"line":173,"column":22},"end":{"line":173,"column":44}},"loc":{"start":{"line":173,"column":67},"end":{"line":180,"column":1}}},"6":{"name":"markAllNotificationsAsRead","decl":{"start":{"line":185,"column":22},"end":{"line":185,"column":48}},"loc":{"start":{"line":185,"column":63},"end":{"line":197,"column":1}}},"7":{"name":"getUnreadNotificationCount","decl":{"start":{"line":202,"column":22},"end":{"line":202,"column":48}},"loc":{"start":{"line":202,"column":63},"end":{"line":211,"column":1}}},"8":{"name":"deleteOldReadNotifications","decl":{"start":{"line":216,"column":22},"end":{"line":216,"column":48}},"loc":{"start":{"line":216,"column":69},"end":{"line":230,"column":1}}}},"branchMap":{"0":{"loc":{"start":{"line":29,"column":2},"end":{"line":43,"column":3}},"type":"if","locations":[{"start":{"line":29,"column":2},"end":{"line":43,"column":3}},{"start":{},"end":{}}]},"1":{"loc":{"start":{"line":58,"column":2},"end":{"line":60,"column":3}},"type":"if","locations":[{"start":{"line":58,"column":2},"end":{"line":60,"column":3}},{"start":{},"end":{}}]},"2":{"loc":{"start":{"line":58,"column":6},"end":{"line":58,"column":54}},"type":"binary-expr","locations":[{"start":{"line":58,"column":6},"end":{"line":58,"column":28}},{"start":{"line":58,"column":32},"end":{"line":58,"column":54}}]},"3":{"loc":{"start":{"line":63,"column":2},"end":{"line":82,"column":3}},"type":"switch","locations":[{"start":{"line":64,"column":4},"end":{"line":65,"column":43}},{"start":{"line":66,"column":4},"end":{"line":66,"column":24}},{"start":{"line":67,"column":4},"end":{"line":68,"column":42}},{"start":{"line":69,"column":4},"end":{"line":70,"column":50}},{"start":{"line":71,"column":4},"end":{"line":72,"column":42}},{"start":{"line":73,"column":4},"end":{"line":74,"column":47}},{"start":{"line":75,"column":4},"end":{"line":75,"column":27}},{"start":{"line":76,"column":4},"end":{"line":77,"column":45}},{"start":{"line":78,"column":4},"end":{"line":79,"column":18}},{"start":{"line":80,"column":4},"end":{"line":81,"column":18}}]},"4":{"loc":{"start":{"line":95,"column":2},"end":{"line":97,"column":3}},"type":"if","locations":[{"start":{"line":95,"column":2},"end":{"line":97,"column":3}},{"start":{},"end":{}}]},"5":{"loc":{"start":{"line":141,"column":4},"end":{"line":143,"column":5}},"type":"if","locations":[{"start":{"line":141,"column":4},"end":{"line":143,"column":5}},{"start":{},"end":{}}]},"6":{"loc":{"start":{"line":216,"column":49},"end":{"line":216,"column":69}},"type":"default-arg","locations":[{"start":{"line":216,"column":67},"end":{"line":216,"column":69}}]}},"s":{"0":15,"1":15,"2":15,"3":15,"4":15,"5":15,"6":15,"7":15,"8":15,"9":15,"10":15,"11":15,"12":407,"13":407,"14":28,"15":407,"16":405,"17":405,"18":3,"19":402,"20":162,"21":43,"22":1,"23":57,"24":28,"25":63,"26":48,"27":0,"28":400,"29":400,"30":400,"31":160,"32":240,"33":240,"34":240,"35":240,"36":122,"37":122,"38":275,"39":275,"40":119,"41":122,"42":4,"43":4,"44":1,"45":1,"46":1,"47":1,"48":3,"49":3,"50":0,"51":0,"52":0,"53":0},"f":{"0":407,"1":405,"2":400,"3":122,"4":4,"5":1,"6":1,"7":3,"8":0},"b":{"0":[28,379],"1":[3,402],"2":[405,4],"3":[162,43,43,1,57,28,21,63,48,0],"4":[160,240],"5":[119,156],"6":[0]}}
,"/home/smbat/Projects/lunch.app/backend/src/modules/notifications/notifications.controller.ts": {"path":"/home/smbat/Projects/lunch.app/backend/src/modules/notifications/notifications.controller.ts","statementMap":{"0":{"start":{"line":2,"column":0},"end":{"line":2,"column":43}},"1":{"start":{"line":9,"column":32},"end":{"line":44,"column":1}},"2":{"start":{"line":10,"column":2},"end":{"line":43,"column":3}},"3":{"start":{"line":11,"column":19},"end":{"line":11,"column":35}},"4":{"start":{"line":12,"column":23},"end":{"line":12,"column":54}},"5":{"start":{"line":13,"column":18},"end":{"line":13,"column":76}},"6":{"start":{"line":15,"column":23},"end":{"line":17,"column":6}},"7":{"start":{"line":19,"column":4},"end":{"line":21,"column":5}},"8":{"start":{"line":20,"column":6},"end":{"line":20,"column":25}},"9":{"start":{"line":23,"column":26},"end":{"line":37,"column":6}},"10":{"start":{"line":39,"column":4},"end":{"line":39,"column":38}},"11":{"start":{"line":41,"column":4},"end":{"line":41,"column":58}},"12":{"start":{"line":42,"column":4},"end":{"line":42,"column":69}},"13":{"start":{"line":9,"column":13},"end":{"line":9,"column":32}},"14":{"start":{"line":49,"column":36},"end":{"line":77,"column":1}},"15":{"start":{"line":50,"column":2},"end":{"line":76,"column":3}},"16":{"start":{"line":51,"column":19},"end":{"line":51,"column":35}},"17":{"start":{"line":53,"column":28},"end":{"line":65,"column":6}},"18":{"start":{"line":67,"column":4},"end":{"line":72,"column":7}},"19":{"start":{"line":74,"column":4},"end":{"line":74,"column":63}},"20":{"start":{"line":75,"column":4},"end":{"line":75,"column":74}},"21":{"start":{"line":49,"column":13},"end":{"line":49,"column":36}},"22":{"start":{"line":82,"column":38},"end":{"line":109,"column":1}},"23":{"start":{"line":83,"column":2},"end":{"line":108,"column":3}},"24":{"start":{"line":84,"column":19},"end":{"line":84,"column":29}},"25":{"start":{"line":85,"column":19},"end":{"line":85,"column":35}},"26":{"start":{"line":88,"column":25},"end":{"line":93,"column":6}},"27":{"start":{"line":95,"column":4},"end":{"line":97,"column":5}},"28":{"start":{"line":96,"column":6},"end":{"line":96,"column":71}},"29":{"start":{"line":99,"column":4},"end":{"line":102,"column":7}},"30":{"start":{"line":104,"column":4},"end":{"line":104,"column":42}},"31":{"start":{"line":106,"column":4},"end":{"line":106,"column":64}},"32":{"start":{"line":107,"column":4},"end":{"line":107,"column":75}},"33":{"start":{"line":82,"column":13},"end":{"line":82,"column":38}},"34":{"start":{"line":114,"column":42},"end":{"line":133,"column":1}},"35":{"start":{"line":115,"column":2},"end":{"line":132,"column":3}},"36":{"start":{"line":116,"column":19},"end":{"line":116,"column":35}},"37":{"start":{"line":118,"column":4},"end":{"line":126,"column":7}},"38":{"start":{"line":128,"column":4},"end":{"line":128,"column":42}},"39":{"start":{"line":130,"column":4},"end":{"line":130,"column":69}},"40":{"start":{"line":131,"column":4},"end":{"line":131,"column":80}},"41":{"start":{"line":114,"column":13},"end":{"line":114,"column":42}},"42":{"start":{"line":138,"column":39},"end":{"line":168,"column":1}},"43":{"start":{"line":139,"column":2},"end":{"line":167,"column":3}},"44":{"start":{"line":140,"column":19},"end":{"line":140,"column":35}},"45":{"start":{"line":142,"column":19},"end":{"line":144,"column":6}},"46":{"start":{"line":147,"column":4},"end":{"line":161,"column":5}},"47":{"start":{"line":148,"column":6},"end":{"line":160,"column":9}},"48":{"start":{"line":163,"column":4},"end":{"line":163,"column":33}},"49":{"start":{"line":165,"column":4},"end":{"line":165,"column":66}},"50":{"start":{"line":166,"column":4},"end":{"line":166,"column":77}},"51":{"start":{"line":138,"column":13},"end":{"line":138,"column":39}},"52":{"start":{"line":173,"column":42},"end":{"line":198,"column":1}},"53":{"start":{"line":174,"column":2},"end":{"line":197,"column":3}},"54":{"start":{"line":175,"column":19},"end":{"line":175,"column":35}},"55":{"start":{"line":176,"column":20},"end":{"line":176,"column":35}},"56":{"start":{"line":179,"column":4},"end":{"line":179,"column":26}},"57":{"start":{"line":180,"column":4},"end":{"line":180,"column":22}},"58":{"start":{"line":181,"column":4},"end":{"line":181,"column":29}},"59":{"start":{"line":182,"column":4},"end":{"line":182,"column":29}},"60":{"start":{"line":184,"column":21},"end":{"line":191,"column":6}},"61":{"start":{"line":193,"column":4},"end":{"line":193,"column":33}},"62":{"start":{"line":195,"column":4},"end":{"line":195,"column":66}},"63":{"start":{"line":196,"column":4},"end":{"line":196,"column":78}},"64":{"start":{"line":173,"column":13},"end":{"line":173,"column":42}}},"fnMap":{"0":{"name":"(anonymous_1)","decl":{"start":{"line":9,"column":32},"end":{"line":9,"column":37}},"loc":{"start":{"line":9,"column":74},"end":{"line":44,"column":1}}},"1":{"name":"(anonymous_2)","decl":{"start":{"line":49,"column":36},"end":{"line":49,"column":41}},"loc":{"start":{"line":49,"column":78},"end":{"line":77,"column":1}}},"2":{"name":"(anonymous_3)","decl":{"start":{"line":82,"column":38},"end":{"line":82,"column":43}},"loc":{"start":{"line":82,"column":80},"end":{"line":109,"column":1}}},"3":{"name":"(anonymous_4)","decl":{"start":{"line":114,"column":42},"end":{"line":114,"column":47}},"loc":{"start":{"line":114,"column":84},"end":{"line":133,"column":1}}},"4":{"name":"(anonymous_5)","decl":{"start":{"line":138,"column":39},"end":{"line":138,"column":44}},"loc":{"start":{"line":138,"column":81},"end":{"line":168,"column":1}}},"5":{"name":"(anonymous_6)","decl":{"start":{"line":173,"column":42},"end":{"line":173,"column":47}},"loc":{"start":{"line":173,"column":84},"end":{"line":198,"column":1}}}},"branchMap":{"0":{"loc":{"start":{"line":13,"column":18},"end":{"line":13,"column":76}},"type":"cond-expr","locations":[{"start":{"line":13,"column":36},"end":{"line":13,"column":71}},{"start":{"line":13,"column":74},"end":{"line":13,"column":76}}]},"1":{"loc":{"start":{"line":19,"column":4},"end":{"line":21,"column":5}},"type":"if","locations":[{"start":{"line":19,"column":4},"end":{"line":21,"column":5}},{"start":{},"end":{}}]},"2":{"loc":{"start":{"line":95,"column":4},"end":{"line":97,"column":5}},"type":"if","locations":[{"start":{"line":95,"column":4},"end":{"line":97,"column":5}},{"start":{},"end":{}}]},"3":{"loc":{"start":{"line":147,"column":4},"end":{"line":161,"column":5}},"type":"if","locations":[{"start":{"line":147,"column":4},"end":{"line":161,"column":5}},{"start":{},"end":{}}]}},"s":{"0":11,"1":11,"2":0,"3":0,"4":0,"5":0,"6":0,"7":0,"8":0,"9":0,"10":0,"11":0,"12":0,"13":11,"14":11,"15":0,"16":0,"17":0,"18":0,"19":0,"20":0,"21":11,"22":11,"23":0,"24":0,"25":0,"26":0,"27":0,"28":0,"29":0,"30":0,"31":0,"32":0,"33":11,"34":11,"35":0,"36":0,"37":0,"38":0,"39":0,"40":0,"41":11,"42":11,"43":0,"44":0,"45":0,"46":0,"47":0,"48":0,"49":0,"50":0,"51":11,"52":11,"53":0,"54":0,"55":0,"56":0,"57":0,"58":0,"59":0,"60":0,"61":0,"62":0,"63":0,"64":11},"f":{"0":0,"1":0,"2":0,"3":0,"4":0,"5":0},"b":{"0":[0,0],"1":[0,0],"2":[0,0],"3":[0,0]}}
,"/home/smbat/Projects/lunch.app/backend/src/modules/notifications/notifications.routes.ts": {"path":"/home/smbat/Projects/lunch.app/backend/src/modules/notifications/notifications.routes.ts","statementMap":{"0":{"start":{"line":1,"column":0},"end":{"line":1,"column":33}},"1":{"start":{"line":2,"column":0},"end":{"line":2,"column":55}},"2":{"start":{"line":3,"column":0},"end":{"line":3,"column":null}},"3":{"start":{"line":11,"column":0},"end":{"line":11,"column":null}},"4":{"start":{"line":16,"column":0},"end":{"line":16,"column":73}},"5":{"start":{"line":18,"column":15},"end":{"line":18,"column":23}},"6":{"start":{"line":21,"column":0},"end":{"line":21,"column":27}},"7":{"start":{"line":24,"column":0},"end":{"line":24,"column":34}},"8":{"start":{"line":25,"column":0},"end":{"line":25,"column":43}},"9":{"start":{"line":26,"column":0},"end":{"line":26,"column":50}},"10":{"start":{"line":27,"column":0},"end":{"line":27,"column":58}},"11":{"start":{"line":28,"column":0},"end":{"line":28,"column":49}},"12":{"start":{"line":29,"column":0},"end":{"line":29,"column":61}},"13":{"start":{"line":30,"column":0},"end":{"line":30,"column":61}},"14":{"start":{"line":31,"column":0},"end":{"line":31,"column":66}},"15":{"start":{"line":34,"column":0},"end":{"line":34,"column":49}},"16":{"start":{"line":35,"column":0},"end":{"line":35,"column":52}},"17":{"start":{"line":37,"column":0},"end":{"line":37,"column":22}}},"fnMap":{},"branchMap":{},"s":{"0":11,"1":11,"2":11,"3":11,"4":11,"5":11,"6":11,"7":11,"8":11,"9":11,"10":11,"11":11,"12":11,"13":11,"14":11,"15":11,"16":11,"17":11},"f":{},"b":{}}
,"/home/smbat/Projects/lunch.app/backend/src/modules/notifications/push.controller.ts": {"path":"/home/smbat/Projects/lunch.app/backend/src/modules/notifications/push.controller.ts","statementMap":{"0":{"start":{"line":2,"column":0},"end":{"line":2,"column":43}},"1":{"start":{"line":5,"column":28},"end":{"line":12,"column":1}},"2":{"start":{"line":6,"column":2},"end":{"line":6,"column":51}},"3":{"start":{"line":6,"column":39},"end":{"line":6,"column":51}},"4":{"start":{"line":7,"column":2},"end":{"line":11,"column":3}},"5":{"start":{"line":8,"column":4},"end":{"line":8,"column":32}},"6":{"start":{"line":10,"column":4},"end":{"line":10,"column":16}},"7":{"start":{"line":14,"column":32},"end":{"line":22,"column":1}},"8":{"start":{"line":15,"column":20},"end":{"line":15,"column":68}},"9":{"start":{"line":17,"column":2},"end":{"line":19,"column":3}},"10":{"start":{"line":18,"column":4},"end":{"line":18,"column":80}},"11":{"start":{"line":21,"column":2},"end":{"line":21,"column":43}},"12":{"start":{"line":14,"column":13},"end":{"line":14,"column":32}},"13":{"start":{"line":24,"column":40},"end":{"line":62,"column":1}},"14":{"start":{"line":25,"column":56},"end":{"line":25,"column":70}},"15":{"start":{"line":27,"column":2},"end":{"line":29,"column":3}},"16":{"start":{"line":28,"column":4},"end":{"line":28,"column":75}},"17":{"start":{"line":31,"column":2},"end":{"line":33,"column":3}},"18":{"start":{"line":32,"column":4},"end":{"line":32,"column":59}},"19":{"start":{"line":35,"column":23},"end":{"line":52,"column":4}},"20":{"start":{"line":54,"column":2},"end":{"line":61,"column":5}},"21":{"start":{"line":24,"column":13},"end":{"line":24,"column":40}},"22":{"start":{"line":64,"column":38},"end":{"line":83,"column":1}},"23":{"start":{"line":65,"column":23},"end":{"line":65,"column":37}},"24":{"start":{"line":67,"column":2},"end":{"line":69,"column":3}},"25":{"start":{"line":68,"column":4},"end":{"line":68,"column":67}},"26":{"start":{"line":71,"column":2},"end":{"line":73,"column":3}},"27":{"start":{"line":72,"column":4},"end":{"line":72,"column":59}},"28":{"start":{"line":75,"column":2},"end":{"line":80,"column":5}},"29":{"start":{"line":82,"column":2},"end":{"line":82,"column":32}},"30":{"start":{"line":64,"column":13},"end":{"line":64,"column":38}}},"fnMap":{"0":{"name":"(anonymous_1)","decl":{"start":{"line":5,"column":28},"end":{"line":5,"column":29}},"loc":{"start":{"line":5,"column":59},"end":{"line":12,"column":1}}},"1":{"name":"(anonymous_2)","decl":{"start":{"line":14,"column":32},"end":{"line":14,"column":33}},"loc":{"start":{"line":14,"column":68},"end":{"line":22,"column":1}}},"2":{"
[...]
,"/home/smbat/Projects/lunch.app/backend/src/realtime/notifications.gateway.ts": {"path":"/home/smbat/Projects/lunch.app/backend/src/realtime/notifications.gateway.ts","statementMap":{"0":{"start":{"line":1,"column":0},"end":{"line":1,"column":36}},"1":{"start":{"line":2,"column":0},"end":{"line":2,"column":54}},"2":{"start":{"line":13,"column":13},"end":{"line":13,"column":43}},"3":{"start":{"line":14,"column":13},"end":{"line":14,"column":50}},"4":{"start":{"line":23,"column":37},"end":{"line":38,"column":1}},"5":{"start":{"line":27,"column":23},"end":{"line":27,"column":59}},"6":{"start":{"line":29,"column":2},"end":{"line":37,"column":4}},"7":{"start":{"line":23,"column":13},"end":{"line":23,"column":37}},"8":{"start":{"line":40,"column":31},"end":{"line":43,"column":2}},"9":{"start":{"line":40,"column":55},"end":{"line":43,"column":2}},"10":{"start":{"line":40,"column":13},"end":{"line":40,"column":31}},"11":{"start":{"line":50,"column":33},"end":{"line":63,"column":1}},"12":{"start":{"line":55,"column":20},"end":{"line":55,"column":56}},"13":{"start":{"line":56,"column":16},"end":{"line":56,"column":37}},"14":{"start":{"line":58,"column":2},"end":{"line":58,"column":33}},"15":{"start":{"line":59,"column":2},"end":{"line":59,"column":30}},"16":{"start":{"line":60,"column":2},"end":{"line":60,"column":50}},"17":{"start":{"line":62,"column":2},"end":{"line":62,"column":30}},"18":{"start":{"line":50,"column":13},"end":{"line":50,"column":33}}},"fnMap":{"0":{"name":"(anonymous_0)","decl":{"start":{"line":23,"column":37},"end":{"line":23,"column":null}},"loc":{"start":{"line":26,"column":4},"end":{"line":38,"column":1}}},"1":{"name":"(anonymous_1)","decl":{"start":{"line":40,"column":31},"end":{"line":40,"column":32}},"loc":{"start":{"line":40,"column":55},"end":{"line":43,"column":2}}},"2":{"name":"(anonymous_2)","decl":{"start":{"line":50,"column":33},"end":{"line":50,"column":null}},"loc":{"start":{"line":54,"column":4},"end":{"line":63,"column":1}}}},"branchMap":{"0":{"loc":{"start":{"line":25,"column":2},"end":{"line":25,"column":32}},"type":"default-arg","locations":[{"start":{"line":25,"column":30},"end":{"line":25,"column":32}}]},"1":{"loc":{"start":{"line":27,"column":23},"end":{"line":27,"column":59}},"type":"binary-expr","locations":[{"start":{"line":27,"column":23},"end":{"line":27,"column":43}},{"start":{"line":27,"column":47},"end":{"line":27,"column":59}}]},"2":{"loc":{"start":{"line":31,"column":17},"end":{"line":31,"column":60}},"type":"binary-expr","locations":[{"start":{"line":31,"column":17},"end":{"line":31,"column":36}},{"start":{"line":31,"column":40},"end":{"line":31,"column":60}}]},"3":{"loc":{"start":{"line":32,"column":23},"end":{"line":32,"column":79}},"type":"binary-expr","locations":[{"start":{"line":32,"column":23},"end":{"line":32,"column":48}},{"start":{"line":32,"column":52},"end":{"line":32,"column":79}}]},"4":{"loc":{"start":{"line":34,"column":29},"end":{"line":34,"column":80}},"type":"binary-expr","locations":[{"start":{"line":34,"column":29},"end":{"line":34,"column":72}},{"start":{"line":34,"column":76},"end":{"line":34,"column":80}}]}},"s":{"0":3,"1":3,"2":3,"3":3,"4":3,"5":5,"6":5,"7":3,"8":3,"9":4,"10":3,"11":3,"12":1,"13":1,"14":1,"15":1,"16":1,"17":1,"18":3},"f":{"0":5,"1":4,"2":1},"b":{"0":[4],"1":[5,4],"2":[5,4],"3":[5,4],"4":[5,4]}}
,"/home/smbat/Projects/lunch.app/backend/src/realtime/notifications.registry.ts": {"path":"/home/smbat/Projects/lunch.app/backend/src/realtime/notifications.registry.ts","statementMap":{"0":{"start":{"line":11,"column":43},"end":{"line":11,"column":47}},"1":{"start":{"line":13,"column":44},"end":{"line":15,"column":1}},"2":{"start":{"line":14,"column":2},"end":{"line":14,"column":21}},"3":{"start":{"line":13,"column":13},"end":{"line":13,"column":44}},"4":{"start":{"line":17,"column":41},"end":{"line":19,"column":1}},"5":{"start":{"line":18,"column":2},"end":{"line":18,"column":17}},"6":{"start":{"line":17,"column":13},"end":{"line":17,"column":41}},"7":{"start":{"line":21,"column":39},"end":{"line":21,"column":52}},"8":{"start":{"line":21,"column":45},"end":{"line":21,"column":52}},"9":{"start":{"line":21,"column":13},"end":{"line":21,"column":39}},"10":{"start":{"line":23,"column":40},"end":{"line":29,"column":1}},"11":{"start":{"line":28,"column":2},"end":{"line":28,"column":57}},"12":{"start":{"line":23,"column":13},"end":{"line":23,"column":40}}},"fnMap":{"0":{"name":"(anonymous_0)","decl":{"start":{"line":13,"column":44},"end":{"line":13,"column":45}},"loc":{"start":{"line":13,"column":86},"end":{"line":15,"column":1}}},"1":{"name":"(anonymous_1)","decl":{"start":{"line":17,"column":41},"end":{"line":17,"column":44}},"loc":{"start":{"line":17,"column":46},"end":{"line":19,"column":1}}},"2":{"name":"(anonymous_2)","decl":{"start":{"line":21,"column":39},"end":{"line":21,"column":42}},"loc":{"start":{"line":21,"column":45},"end":{"line":21,"column":52}}},"3":{"name":"(anonymous_3)","decl":{"start":{"line":23,"column":40},"end":{"line":23,"column":null}},"loc":{"start":{"line":27,"column":4},"end":{"line":29,"column":1}}}},"branchMap":{},"s":{"0":13,"1":13,"2":0,"3":13,"4":13,"5":0,"6":13,"7":13,"8":0,"9":13,"10":13,"11":239,"12":13},"f":{"0":0,"1":0,"2":0,"3":239},"b":{}}
,"/home/smbat/Projects/lunch.app/backend/src/realtime/redis-config.ts": {"path":"/home/smbat/Projects/lunch.app/backend/src/realtime/redis-config.ts","statementMap":{"0":{"start":{"line":6,"column":13},"end":{"line":6,"column":58}},"1":{"start":{"line":8,"column":32},"end":{"line":13,"column":1}},"2":{"start":{"line":9,"column":14},"end":{"line":9,"column":79}},"3":{"start":{"line":10,"column":14},"end":{"line":10,"column":52}},"4":{"start":{"line":12,"column":2},"end":{"line":12,"column":40}},"5":{"start":{"line":8,"column":13},"end":{"line":8,"column":32}}},"fnMap":{"0":{"name":"(anonymous_0)","decl":{"start":{"line":8,"column":32},"end":{"line":8,"column":33}},"loc":{"start":{"line":8,"column":86},"end":{"line":13,"column":1}}}},"branchMap":{"0":{"loc":{"start":{"line":8,"column":33},"end":{"line":8,"column":69}},"type":"default-arg","locations":[{"start":{"line":8,"column":58},"end":{"line":8,"column":69}}]},"1":{"loc":{"start":{"line":9,"column":14},"end":{"line":9,"column":79}},"type":"binary-expr","locations":[{"start":{"line":9,"column":14},"end":{"line":9,"column":41}},{"start":{"line":9,"column":45},"end":{"line":9,"column":58}},{"start":{"line":9,"column":62},"end":{"line":9,"column":79}}]},"2":{"loc":{"start":{"line":12,"column":21},"end":{"line":12,"column":37}},"type":"binary-expr","locations":[{"start":{"line":12,"column":21},"end":{"line":12,"column":24}},{"start":{"line":12,"column":28},"end":{"line":12,"column":37}}]}},"s":{"0":3,"1":3,"2":7,"3":7,"4":7,"5":3},"f":{"0":7},"b":{"0":[0],"1":[7,6,5],"2":[7,6]}}
,"/home/smbat/Projects/lunch.app/backend/src/telemetry/honeycomb.exporter.ts": {"path":"/home/smbat/Projects/lunch.app/backend/src/telemetry/honeycomb.exporter.ts","statementMap":{"0":{"start":{"line":1,"column":0},"end":{"line":1,"column":36}},"1":{"start":{"line":2,"column":0},"end":{"line":2,"column":41}},"2":{"start":{"line":9,"column":26},"end":{"line":11,"column":85}},"3":{"start":{"line":10,"column":2},"end":{"line":11,"column":85}},"4":{"start":{"line":13,"column":19},"end":{"line":17,"column":2}},"5":{"start":{"line":13,"column":26},"end":{"line":17,"column":2}},"6":{"start":{"line":19,"column":33},"end":{"line":42,"column":1}},"7":{"start":{"line":20,"column":2},"end":{"line":22,"column":3}},"8":{"start":{"line":21,"column":4},"end":{"line":21,"column":11}},"9":{"start":{"line":24,"column":2},"end":{"line":27,"column":3}},"10":{"start":{"line":25,"column":4},"end":{"line":25,"column":65}},"11":{"start":{"line":26,"column":4},"end":{"line":26,"column":11}},"12":{"start":{"line":29,"column":2},"end":{"line":41,"column":3}},"13":{"start":{"line":30,"column":4},"end":{"line":38,"column":7}},"14":{"start":{"line":40,"column":4},"end":{"line":40,"column":66}},"15":{"start":{"line":19,"column":13},"end":{"line":19,"column":33}}},"fnMap":{"0":{"name":"(anonymous_0)","decl":{"start":{"line":9,"column":26},"end":{"line":9,"column":29}},"loc":{"start":{"line":10,"column":2},"end":{"line":11,"column":85}}},"1":{"name":"(anonymous_1)","decl":{"start":{"line":13,"column":19},"end":{"line":13,"column":22}},"loc":{"start":{"line":13,"column":26},"end":{"line":17,"column":2}}},"2":{"name":"(anonymous_2)","decl":{"start":{"line":19,"column":33},"end":{"line":19,"column":38}},"loc":{"start":{"line":19,"column":84},"end":{"line":42,"column":1}}}},"branchMap":{"0":{"loc":{"start":{"line":10,"column":2},"end":{"line":11,"column":85}},"type":"binary-expr","locations":[{"start":{"line":10,"column":2},"end":{"line":10,"column":48}},{"start":{"line":11,"column":2},"end":{"line":11,"column":85}}]},"1":{"loc":{"start":{"line":11,"column":10},"end":{"line":11,"column":84}},"type":"binary-expr","locations":[{"start":{"line":11,"column":10},"end":{"line":11,"column":45}},{"start":{"line":11,"column":49},"end":{"line":11,"column":84}}]},"2":{"loc":{"start":{"line":20,"column":2},"end":{"line":22,"column":3}},"type":"if","locations":[{"start":{"line":20,"column":2},"end":{"line":22,"column":3}},{"start":{},"end":{}}]},"3":{"loc":{"start":{"line":24,"column":2},"end":{"line":27,"column":3}},"type":"if","locations":[{"start":{"line":24,"column":2},"end":{"line":27,"column":3}},{"start":{},"end":{}}]},"4":{"loc":{"start":{"line":35,"column":14},"end":{"line":35,"column":57}},"type":"binary-expr","locations":[{"start":{"line":35,"column":14},"end":{"line":35,"column":29}},{"start":{"line":35,"column":33},"end":{"line":35,"column":57}}]}},"s":{"0":18,"1":18,"2":18,"3":6,"4":18,"5":1,"6":18,"7":6,"8":4,"9":2,"10":1,"11":1,"12":1,"13":1,"14":0,"15":18},"f":{"0":6,"1":1,"2":6},"b":{"0":[6,2],"1":[2,2],"2":[4,2],"3":[1,1],"4":[1,0]}}
,"/home/smbat/Projects/lunch.app/backend/src/telemetry/notifications.telemetry.ts": {"path":"/home/smbat/Projects/lunch.app/backend/src/telemetry/notifications.telemetry.ts","statementMap":{"0":{"start":{"line":2,"column":0},"end":{"line":2,"column":41}},"1":{"start":{"line":3,"column":0},"end":{"line":3,"column":57}},"2":{"start":{"line":5,"column":27},"end":{"line":5,"column":87}},"3":{"start":{"line":5,"column":33},"end":{"line":5,"column":87}},"4":{"start":{"line":16,"column":39},"end":{"line":32,"column":1}},"5":{"start":{"line":17,"column":2},"end":{"line":19,"column":3}},"6":{"start":{"line":18,"column":4},"end":{"line":18,"column":11}},"7":{"start":{"line":21,"column":16},"end":{"line":28,"column":4}},"8":{"start":{"line":30,"column":2},"end":{"line":30,"column":46}},"9":{"start":{"line":31,"column":2},"end":{"line":31,"column":107}},"10":{"start":{"line":16,"column":13},"end":{"line":16,"column":39}},"11":{"start":{"line":53,"column":40},"end":{"line":79,"column":1}},"12":{"start":{"line":54,"column":2},"end":{"line":56,"column":3}},"13":{"start":{"line":55,"column":4},"end":{"line":55,"column":11}},"14":{"start":{"line":58,"column":2},"end":{"line":65,"column":5}},"15":{"start":{"line":66,"column":2},"end":{"line":78,"column":4}},"16":{"start":{"line":53,"column":13},"end":{"line":53,"column":40}},"17":{"start":{"line":81,"column":38},"end":{"line":109,"column":1}},"18":{"start":{"line":82,"column":2},"end":{"line":84,"column":3}},"19":{"start":{"line":83,"column":4},"end":{"line":83,"column":11}},"20":{"start":{"line":86,"column":2},"end":{"line":94,"column":5}},"21":{"start":{"line":95,"column":2},"end":{"line":108,"column":4}},"22":{"start":{"line":81,"column":13},"end":{"line":81,"column":38}}},"fnMap":{"0":{"name":"(anonymous_0)","decl":{"start":{"line":5,"column":27},"end":{"line":5,"column":30}},"loc":{"start":{"line":5,"column":33},"end":{"line":5,"column":87}}},"1":{"name":"(anonymous_1)","decl":{"start":{"line":16,"column":39},"end":{"line":16,"column":40}},"loc":{"start":{"line":16,"column":77},"end":{"line":32,"column":1}}},"2":{"name":"(anonymous_2)","decl":{"start":{"line":53,"column":40},"end":{"line":53,"column":41}},"loc":{"start":{"line":53,"column":81},"end":{"line":79,"column":1}}},"3":{"name":"(anonymous_3)","decl":{"start":{"line":81,"column":38},"end":{"line":81,"column":39}},"loc":{"start":{"line":81,"column":77},"end":{"line":109,"column":1}}}},"branchMap":{"0":{"loc":{"start":{"line":17,"column":2},"end":{"line":19,"column":3}},"type":"if","locations":[{"start":{"line":17,"column":2},"end":{"line":19,"column":3}},{"start":{},"end":{}}]},"1":{"loc":{"start":{"line":54,"column":2},"end":{"line":56,"column":3}},"type":"if","locations":[{"start":{"line":54,"column":2},"end":{"line":56,"column":3}},{"start":{},"end":{}}]},"2":{"loc":{"start":{"line":82,"column":2},"end":{"line":84,"column":3}},"type":"if","locations":[{"start":{"line":82,"column":2},"end":{"line":84,"column":3}},{"start":{},"end":{}}]}},"s":{"0":17,"1":17,"2":17,"3":8,"4":17,"5":4,"6":3,"7":1,"8":1,"9":1,"10":17,"11":17,"12":2,"13":1,"14":1,"15":1,"16":17,"17":17,"18":2,"19":1,"20":1,"21":1,"22":17},"f":{"0":8,"1":4,"2":2,"3":2},"b":{"0":[3,1],"1":[1,1],"2":[1,1]}}
,"/home/smbat/Projects/lunch.app/backend/src/utils/bcrypt.ts": {"path":"/home/smbat/Projects/lunch.app/backend/src/utils/bcrypt.ts","statementMap":{"0":{"start":{"line":1,"column":0},"end":{"line":1,"column":30}},"1":{"start":{"line":3,"column":20},"end":{"line":3,"column":22}},"2":{"start":{"line":5,"column":28},"end":{"line":7,"column":1}},"3":{"start":{"line":6,"column":2},"end":{"line":6,"column":44}},"4":{"start":{"line":5,"column":13},"end":{"line":5,"column":28}},"5":{"start":{"line":9,"column":31},"end":{"line":14,"column":1}},"6":{"start":{"line":13,"column":2},"end":{"line":13,"column":50}},"7":{"start":{"line":9,"column":13},"end":{"line":9,"column":31}}},"fnMap":{"0":{"name":"(anonymous_1)","decl":{"start":{"line":5,"column":28},"end":{"line":5,"column":33}},"loc":{"start":{"line":5,"column":72},"end":{"line":7,"column":1}}},"1":{"name":"(anonymous_2)","decl":{"start":{"line":9,"column":31},"end":{"line":9,"column":36}},"loc":{"start":{"line":12,"column":22},"end":{"line":14,"column":1}}}},"branchMap":{},"s":{"0":16,"1":16,"2":16,"3":559,"4":16,"5":16,"6":17,"7":16},"f":{"0":559,"1":17},"b":{}}
,"/home/smbat/Projects/lunch.app/backend/src/utils/jwt.ts": {"path":"/home/smbat/Projects/lunch.app/backend/src/utils/jwt.ts","statementMap":{"0":{"start":{"line":1,"column":0},"end":{"line":1,"column":48}},"1":{"start":{"line":2,"column":0},"end":{"line":2,"column":36}},"2":{"start":{"line":11,"column":29},"end":{"line":16,"column":1}},"3":{"start":{"line":12,"column":31},"end":{"line":14,"column":4}},"4":{"start":{"line":15,"column":2},"end":{"line":15,"column":52}},"5":{"start":{"line":11,"column":13},"end":{"line":11,"column":29}},"6":{"start":{"line":18,"column":27},"end":{"line":20,"column":1}},"7":{"start":{"line":19,"column":2},"end":{"line":19,"column":57}},"8":{"start":{"line":18,"column":13},"end":{"line":18,"column":27}}},"fnMap":{"0":{"name":"(anonymous_1)","decl":{"start":{"line":11,"column":29},"end":{"line":11,"column":30}},"loc":{"start":{"line":11,"column":61},"end":{"line":16,"column":1}}},"1":{"name":"(anonymous_2)","decl":{"start":{"line":18,"column":27},"end":{"line":18,"column":28}},"loc":{"start":{"line":18,"column":57},"end":{"line":20,"column":1}}}},"branchMap":{},"s":{"0":19,"1":19,"2":19,"3":562,"4":562,"5":19,"6":19,"7":516,"8":19},"f":{"0":562,"1":516},"b":{}}
,"/home/smbat/Projects/lunch.app/backend/src/utils/logger.ts": {"path":"/home/smbat/Projects/lunch.app/backend/src/utils/logger.ts","statementMap":{"0":{"start":{"line":1,"column":13},"end":{"line":11,"column":2}},"1":{"start":{"line":3,"column":4},"end":{"line":3,"column":76}},"2":{"start":{"line":6,"column":4},"end":{"line":6,"column":79}},"3":{"start":{"line":9,"column":4},"end":{"line":9,"column":77}}},"fnMap":{"0":{"name":"(anonymous_0)","decl":{"start":{"line":2,"column":8},"end":{"line":2,"column":9}},"loc":{"start":{"line":2,"column":44},"end":{"line":4,"column":3}}},"1":{"name":"(anonymous_1)","decl":{"start":{"line":5,"column":9},"end":{"line":5,"column":10}},"loc":{"start":{"line":5,"column":45},"end":{"line":7,"column":3}}},"2":{"name":"(anonymous_2)","decl":{"start":{"line":8,"column":8},"end":{"line":8,"column":9}},"loc":{"start":{"line":8,"column":44},"end":{"line":10,"column":3}}}},"branchMap":{},"s":{"0":18,"1":0,"2":0,"3":0},"f":{"0":0,"1":0,"2":0},"b":{}}
,"/home/smbat/Projects/lunch.app/backend/src/utils/sanitize.ts": {"path":"/home/smbat/Projects/lunch.app/backend/src/utils/sanitize.ts","statementMap":{"0":{"start":{"line":5,"column":24},"end":{"line":17,"column":1}},"1":{"start":{"line":6,"column":2},"end":{"line":8,"column":3}},"2":{"start":{"line":7,"column":4},"end":{"line":7,"column":17}},"3":{"start":{"line":11,"column":2},"end":{"line":16,"column":12}},"4":{"start":{"line":5,"column":13},"end":{"line":5,"column":24}},"5":{"start":{"line":22,"column":30},"end":{"line":34,"column":1}},"6":{"start":{"line":23,"column":41},"end":{"line":23,"column":51}},"7":{"start":{"line":25,"column":2},"end":{"line":31,"column":3}},"8":{"start":{"line":26,"column":4},"end":{"line":30,"column":5}},"9":{"start":{"line":27,"column":6},"end":{"line":27,"column":48}},"10":{"start":{"line":28,"column":11},"end":{"line":30,"column":5}},"11":{"start":{"line":29,"column":6},"end":{"line":29,"column":54}},"12":{"start":{"line":33,"column":2},"end":{"line":33,"column":19}},"13":{"start":{"line":22,"column":13},"end":{"line":22,"column":30}}},"fnMap":{"0":{"name":"(anonymous_0)","decl":{"start":{"line":5,"column":24},"end":{"line":5,"column":25}},"loc":{"start":{"line":5,"column":50},"end":{"line":17,"column":1}}},"1":{"name":"(anonymous_1)","decl":{"start":{"line":22,"column":30},"end":{"line":22,"column":31}},"loc":{"start":{"line":22,"column":80},"end":{"line":34,"column":1}}}},"branchMap":{"0":{"loc":{"start":{"line":6,"column":2},"end":{"line":8,"column":3}},"type":"if","locations":[{"start":{"line":6,"column":2},"end":{"line":8,"column":3}},{"start":{},"end":{}}]},"1":{"loc":{"start":{"line":6,"column":6},"end":{"line":6,"column":41}},"type":"binary-expr","locations":[{"start":{"line":6,"column":6},"end":{"line":6,"column":12}},{"start":{"line":6,"column":16},"end":{"line":6,"column":41}}]},"2":{"loc":{"start":{"line":26,"column":4},"end":{"line":30,"column":5}},"type":"if","locations":[{"start":{"line":26,"column":4},"end":{"line":30,"column":5}},{"start":{"line":28,"column":11},"end":{"line":30,"column":5}}]},"3":{"loc":{"start":{"line":28,"column":11},"end":{"line":30,"column":5}},"type":"if","locations":[{"start":{"line":28,"column":11},"end":{"line":30,"column":5}},{"start":{},"end":{}}]},"4":{"loc":{"start":{"line":28,"column":15},"end":{"line":28,"column":110}},"type":"binary-expr","locations":[{"start":{"line":28,"column":15},"end":{"line":28,"column":49}},{"start":{"line":28,"column":53},"end":{"line":28,"column":76}},{"start":{"line":28,"column":80},"end":{"line":28,"column":110}}]}},"s":{"0":13,"1":156,"2":4,"3":152,"4":13,"5":13,"6":5,"7":5,"8":11,"9":5,"10":6,"11":1,"12":5,"13":13},"f":{"0":156,"1":5},"b":{"0":[4,152],"1":[156,154],"2":[5,6],"3":[1,5],"4":[6,3,2]}}
}
