TN:
SF:src/app.ts
FN:79,(anonymous_1)
FNF:1
FNH:0
FNDA:0,(anonymous_1)
DA:1,11
DA:2,11
DA:3,11
DA:4,11
DA:5,11
DA:6,11
DA:7,11
DA:8,11
DA:9,11
DA:10,11
DA:11,11
DA:12,11
DA:13,11
DA:15,11
DA:18,11
DA:37,11
DA:45,11
DA:48,11
DA:56,11
DA:65,11
DA:66,11
DA:69,11
DA:72,11
DA:73,0
DA:74,0
DA:75,0
DA:79,11
DA:80,0
DA:84,11
DA:85,11
DA:86,11
DA:87,11
DA:88,11
DA:89,11
DA:90,11
DA:93,11
DA:95,11
LF:37
LH:33
BRDA:38,0,0,0
BRDA:38,0,1,11
BRDA:39,1,0,0
BRDA:39,1,1,0
BRDA:72,2,0,0
BRDA:72,2,1,11
BRF:6
BRH:2
end_of_record
TN:
SF:src/server.ts
FN:13,(anonymous_1)
FN:21,(anonymous_2)
FN:39,(anonymous_3)
FN:47,(anonymous_4)
FN:56,(anonymous_5)
FN:61,(anonymous_6)
FN:67,(anonymous_7)
FN:68,(anonymous_8)
FN:70,(anonymous_9)
FN:71,(anonymous_10)
FN:85,(anonymous_11)
FNF:11
FNH:0
FNDA:0,(anonymous_1)
FNDA:0,(anonymous_2)
FNDA:0,(anonymous_3)
FNDA:0,(anonymous_4)
FNDA:0,(anonymous_5)
FNDA:0,(anonymous_6)
FNDA:0,(anonymous_7)
FNDA:0,(anonymous_8)
FNDA:0,(anonymous_9)
FNDA:0,(anonymous_10)
FNDA:0,(anonymous_11)
DA:1,0
DA:2,0
DA:3,0
DA:4,0
DA:5,0
DA:6,0
DA:7,0
DA:8,0
DA:9,0
DA:11,0
DA:13,0
DA:14,0
DA:15,0
DA:16,0
DA:18,0
DA:21,0
DA:22,0
DA:24,0
DA:36,0
DA:39,0
DA:40,0
DA:41,0
DA:43,0
DA:44,0
DA:47,0
DA:50,0
DA:51,0
DA:53,0
DA:56,0
DA:57,0
DA:58,0
DA:61,0
DA:62,0
DA:63,0
DA:64,0
DA:65,0
DA:68,0
DA:71,0
DA:75,0
DA:77,0
DA:81,0
DA:82,0
DA:85,0
DA:86,0
DA:87,0
LF:45
LH:0
BRDA:15,0,0,0
BRDA:15,0,1,0
BRDA:27,1,0,0
BRDA:27,1,1,0
BRDA:28,2,0,0
BRDA:28,2,1,0
BRF:6
BRH:0
end_of_record
TN:
SF:src/config/database.ts
FNF:0
FNH:0
DA:1,18
DA:3,18
DA:5,18
LF:3
LH:3
BRF:0
BRH:0
end_of_record
TN:
SF:src/config/env.ts
FNF:0
FNH:0
DA:1,22
DA:3,22
DA:5,22
LF:3
LH:3
BRDA:6,0,0,22
BRDA:6,0,1,0
BRDA:7,1,0,22
BRDA:7,1,1,0
BRDA:8,2,0,22
BRDA:8,2,1,0
BRDA:9,3,0,22
BRDA:9,3,1,0
BRDA:10,4,0,22
BRDA:10,4,1,0
BRDA:11,5,0,22
BRDA:11,5,1,22
BRDA:12,6,0,22
BRDA:12,6,1,22
BRDA:13,7,0,22
BRDA:13,7,1,22
BRDA:14,8,0,22
BRDA:14,8,1,22
BRDA:15,9,0,22
BRDA:15,9,1,22
BRDA:16,10,0,22
BRDA:16,10,1,22
BRDA:17,11,0,22
BRDA:17,11,1,22
BRF:24
BRH:19
end_of_record
TN:
SF:src/middleware/auth.ts
FN:8,(anonymous_0)
FN:30,(anonymous_1)
FNF:2
FNH:2
FNDA:522,(anonymous_0)
FNDA:40,(anonymous_1)
DA:2,13
DA:8,13
DA:13,522
DA:14,522
DA:16,522
DA:17,8
DA:20,514
DA:21,514
DA:23,511
DA:24,511
DA:26,3
DA:30,13
DA:35,40
DA:36,6
DA:38,34
LF:15
LH:15
BRDA:16,0,0,8
BRDA:16,0,1,514
BRDA:16,1,0,522
BRDA:16,1,1,515
BRDA:35,2,0,6
BRDA:35,2,1,34
BRDA:35,3,0,40
BRDA:35,3,1,40
BRF:8
BRH:8
end_of_record
TN:
SF:src/middleware/error.ts
FN:5,(anonymous_0)
FNF:1
FNH:0
FNDA:0,(anonymous_0)
DA:2,11
DA:3,11
DA:5,11
DA:11,0
DA:13,0
DA:14,0
DA:20,0
DA:21,0
DA:24,0
DA:25,0
DA:28,0
LF:11
LH:3
BRDA:13,0,0,0
BRDA:13,0,1,0
BRDA:20,1,0,0
BRDA:20,1,1,0
BRDA:24,2,0,0
BRDA:24,2,1,0
BRDA:30,3,0,0
BRDA:30,3,1,0
BRF:8
BRH:0
end_of_record
TN:
SF:src/middleware/tenant.ts
FN:4,(anonymous_0)
FNF:1
FNH:0
FNDA:0,(anonymous_0)
DA:4,0
DA:11,0
DA:12,0
DA:14,0
LF:4
LH:0
BRDA:11,0,0,0
BRDA:11,0,1,0
BRF:2
BRH:0
end_of_record
TN:
SF:src/middleware/validation.ts
FN:5,(anonymous_0)
FN:6,(anonymous_1)
FNF:2
FNH:2
FNDA:138,(anonymous_0)
FNDA:217,(anonymous_1)
DA:2,13
DA:4,13
DA:5,13
DA:6,138
DA:7,217
DA:8,217
DA:13,198
DA:15,19
DA:17,19
DA:18,19
DA:20,19
DA:21,19
DA:22,19
DA:25,19
DA:30,0
LF:15
LH:14
BRDA:15,0,0,19
BRDA:15,0,1,0
BRDA:20,1,0,19
BRDA:20,1,1,0
BRF:4
BRH:2
end_of_record
TN:
SF:src/modules/auth/auth.controller.ts
FN:7,(anonymous_1)
FN:68,(anonymous_2)
FN:117,(anonymous_3)
FN:171,(anonymous_4)
FN:203,(anonymous_5)
FNF:5
FNH:5
FNDA:12,(anonymous_1)
FNDA:1,(anonymous_2)
FNDA:24,(anonymous_3)
FNDA:2,(anonymous_4)
FNDA:2,(anonymous_5)
DA:2,12
DA:3,12
DA:4,12
DA:7,12
DA:8,12
DA:10,12
DA:13,12
DA:22,12
DA:23,3
DA:27,9
DA:32,9
DA:34,6
DA:38,6
DA:39,1
DA:42,5
DA:52,5
DA:55,3
DA:56,1
DA:60,2
DA:64,2
DA:65,1
DA:68,1
DA:69,1
DA:77,1
DA:87,1
DA:92,6
DA:99,6
DA:112,0
DA:113,0
DA:117,12
DA:118,24
DA:119,24
DA:122,24
DA:134,24
DA:135,13
DA:139,11
DA:141,11
DA:142,3
DA:146,8
DA:153,8
DA:166,0
DA:167,0
DA:171,12
DA:172,2
DA:173,2
DA:174,0
DA:177,2
DA:184,2
DA:185,0
DA:188,2
DA:198,0
DA:199,0
DA:203,12
DA:206,2
LF:54
LH:46
BRDA:22,0,0,3
BRDA:22,0,1,9
BRDA:32,1,0,6
BRDA:32,1,1,3
BRDA:38,2,0,1
BRDA:38,2,1,5
BRDA:47,3,0,5
BRDA:47,3,1,4
BRDA:55,4,0,1
BRDA:55,4,1,2
BRDA:55,5,0,3
BRDA:55,5,1,2
BRDA:55,5,2,2
BRDA:64,6,0,1
BRDA:64,6,1,1
BRDA:134,7,0,13
BRDA:134,7,1,11
BRDA:141,8,0,3
BRDA:141,8,1,8
BRDA:173,9,0,0
BRDA:173,9,1,2
BRDA:184,10,0,0
BRDA:184,10,1,2
BRF:23
BRH:21
end_of_record
TN:
SF:src/modules/auth/auth.routes.ts
FNF:0
FNH:0
DA:1,12
DA:2,12
DA:3,12
DA:4,12
DA:5,12
DA:7,12
DA:9,12
DA:10,12
DA:11,12
DA:12,12
DA:14,12
LF:11
LH:11
BRF:0
BRH:0
end_of_record
TN:
SF:src/modules/auth/auth.validation.ts
FNF:0
FNH:0
DA:1,12
DA:3,12
DA:16,12
LF:3
LH:3
BRF:0
BRH:0
end_of_record
TN:
SF:src/modules/events/events.controller.ts
FN:7,(anonymous_1)
FN:54,(anonymous_2)
FN:122,(anonymous_3)
FN:189,(anonymous_4)
FN:200,(anonymous_5)
FN:276,(anonymous_6)
FN:303,(anonymous_7)
FN:346,(anonymous_8)
FN:394,(anonymous_9)
FN:408,(anonymous_10)
FN:496,(anonymous_11)
FN:523,(anonymous_12)
FN:534,(anonymous_13)
FNF:13
FNH:13
FNDA:8,(anonymous_1)
FNDA:19,(anonymous_2)
FNDA:56,(anonymous_3)
FNDA:155,(anonymous_4)
FNDA:33,(anonymous_5)
FNDA:43,(anonymous_6)
FNDA:2,(anonymous_7)
FNDA:34,(anonymous_8)
FNDA:53,(anonymous_9)
FNDA:52,(anonymous_10)
FNDA:10,(anonymous_11)
FNDA:13,(anonymous_12)
FNDA:12,(anonymous_13)
DA:2,11
DA:4,11
DA:5,11
DA:7,11
DA:8,8
DA:9,8
DA:11,8
DA:47,8
DA:49,0
DA:50,0
DA:54,11
DA:55,19
DA:56,19
DA:59,19
DA:106,19
DA:107,1
DA:111,18
DA:112,3
DA:115,15
DA:117,0
DA:118,0
DA:122,11
DA:123,56
DA:125,56
DA:128,56
DA:129,56
DA:130,1
DA:134,55
DA:140,55
DA:141,1
DA:144,54
DA:145,1
DA:149,53
DA:174,53
DA:182,53
DA:187,53
DA:189,155
DA:193,53
DA:195,0
DA:196,0
DA:200,11
DA:201,33
DA:202,33
DA:205,33
DA:212,33
DA:213,0
DA:216,33
DA:217,3
DA:223,30
DA:226,30
DA:227,0
DA:228,0
DA:232,30
DA:233,1
DA:236,29
DA:238,29
DA:239,29
DA:240,29
DA:241,29
DA:242,29
DA:243,29
DA:245,29
DA:246,2
DA:247,2
DA:248,1
DA:250,1
DA:253,28
DA:276,43
DA:279,28
DA:280,23
DA:288,28
DA:289,6
DA:296,28
DA:298,0
DA:299,0
DA:303,11
DA:304,2
DA:305,2
DA:308,2
DA:322,2
DA:323,0
DA:326,2
DA:327,1
DA:331,1
DA:332,0
DA:335,1
DA:339,1
DA:341,0
DA:342,0
DA:346,11
DA:347,34
DA:348,34
DA:351,34
DA:358,34
DA:359,0
DA:362,34
DA:363,1
DA:367,33
DA:368,1
DA:371,32
DA:394,53
DA:395,32
DA:401,32
DA:403,0
DA:404,0
DA:408,11
DA:409,52
DA:410,52
DA:413,52
DA:420,52
DA:421,1
DA:425,51
DA:426,1
DA:430,50
DA:439,50
DA:441,3
DA:459,3
DA:462,47
DA:479,47
DA:485,47
DA:487,0
DA:488,0
DA:496,11
DA:497,10
DA:498,10
DA:501,10
DA:516,10
DA:517,0
DA:521,10
DA:522,10
DA:523,13
DA:524,10
DA:526,10
DA:528,6
DA:534,12
DA:535,6
DA:537,6
DA:546,4
DA:559,0
DA:560,0
LF:140
LH:117
BRDA:14,0,0,8
BRDA:14,0,1,0
BRDA:106,1,0,1
BRDA:106,1,1,18
BRDA:111,2,0,3
BRDA:111,2,1,15
BRDA:129,3,0,1
BRDA:129,3,1,55
BRDA:140,4,0,1
BRDA:140,4,1,54
BRDA:144,5,0,1
BRDA:144,5,1,53
BRDA:152,6,0,5
BRDA:152,6,1,48
BRDA:153,7,0,50
BRDA:153,7,1,3
BRDA:155,8,0,53
BRDA:155,8,1,3
BRDA:212,9,0,0
BRDA:212,9,1,33
BRDA:216,10,0,3
BRDA:216,10,1,30
BRDA:216,11,0,33
BRDA:216,11,1,3
BRDA:223,12,0,30
BRDA:223,12,1,30
BRDA:223,12,2,7
BRDA:226,13,0,0
BRDA:226,13,1,30
BRDA:226,14,0,30
BRDA:226,14,1,30
BRDA:227,15,0,0
BRDA:227,15,1,0
BRDA:232,16,0,1
BRDA:232,16,1,29
BRDA:232,17,0,30
BRDA:232,17,1,23
BRDA:238,18,0,2
BRDA:238,18,1,27
BRDA:239,19,0,1
BRDA:239,19,1,28
BRDA:239,20,0,1
BRDA:239,20,1,0
BRDA:240,21,0,0
BRDA:240,21,1,29
BRDA:241,22,0,0
BRDA:241,22,1,29
BRDA:242,23,0,6
BRDA:242,23,1,23
BRDA:243,24,0,23
BRDA:243,24,1,6
BRDA:243,25,0,23
BRDA:243,25,1,0
BRDA:245,26,0,2
BRDA:245,26,1,27
BRDA:247,27,0,1
BRDA:247,27,1,1
BRDA:279,28,0,23
BRDA:279,28,1,5
BRDA:279,29,0,28
BRDA:279,29,1,23
BRDA:288,30,0,6
BRDA:288,30,1,22
BRDA:288,31,0,28
BRDA:288,31,1,6
BRDA:322,32,0,0
BRDA:322,32,1,2
BRDA:326,33,0,1
BRDA:326,33,1,1
BRDA:326,34,0,2
BRDA:326,34,1,1
BRDA:331,35,0,0
BRDA:331,35,1,1
BRDA:358,36,0,0
BRDA:358,36,1,34
BRDA:362,37,0,1
BRDA:362,37,1,33
BRDA:362,38,0,34
BRDA:362,38,1,1
BRDA:367,39,0,1
BRDA:367,39,1,32
BRDA:367,40,0,33
BRDA:367,40,1,32
BRDA:367,40,2,32
BRDA:420,41,0,1
BRDA:420,41,1,51
BRDA:425,42,0,1
BRDA:425,42,1,50
BRDA:439,43,0,3
BRDA:439,43,1,47
BRDA:516,44,0,0
BRDA:516,44,1,10
BRDA:523,45,0,10
BRDA:523,45,1,10
BRDA:526,46,0,6
BRDA:526,46,1,4
BRDA:526,47,0,10
BRDA:526,47,1,9
BRDA:526,47,2,7
BRDA:526,47,3,6
BRF:100
BRH:87
end_of_record
TN:
SF:src/modules/events/events.routes.ts
FNF:0
FNH:0
DA:1,11
DA:2,11
DA:12,11
DA:13,11
DA:14,11
DA:16,11
DA:19,11
DA:21,11
DA:22,11
DA:23,11
DA:24,11
DA:25,11
DA:26,11
DA:27,11
DA:28,11
DA:30,11
LF:16
LH:16
BRF:0
BRH:0
end_of_record
TN:
SF:src/modules/events/events.validation.ts
FNF:0
FNH:0
DA:1,11
DA:3,11
DA:14,11
LF:3
LH:3
BRF:0
BRH:0
end_of_record
TN:
SF:src/modules/notifications/analytics.controller.ts
FN:5,(anonymous_1)
FN:31,(anonymous_2)
FNF:2
FNH:2
FNDA:1,(anonymous_1)
FNDA:2,(anonymous_2)
DA:2,11
DA:5,11
DA:6,1
DA:7,0
DA:10,1
DA:16,1
DA:30,1
DA:32,2
DA:33,2
DA:34,2
DA:39,1
LF:11
LH:10
BRDA:6,0,0,0
BRDA:6,0,1,1
BRDA:32,1,0,2
BRDA:32,1,1,2
BRF:4
BRH:3
end_of_record
TN:
SF:src/modules/notifications/notification.service.ts
FN:23,getUserNotificationSettings
FN:51,shouldNotifyUser
FN:88,createNotificationEvent
FN:126,createNotificationEvents
FN:152,getUnreadNotifications
FN:173,markNotificationAsRead
FN:185,markAllNotificationsAsRead
FN:202,getUnreadNotificationCount
FN:216,deleteOldReadNotifications
FNF:9
FNH:8
FNDA:407,getUserNotificationSettings
FNDA:405,shouldNotifyUser
FNDA:400,createNotificationEvent
FNDA:122,createNotificationEvents
FNDA:4,getUnreadNotifications
FNDA:1,markNotificationAsRead
FNDA:1,markAllNotificationsAsRead
FNDA:3,getUnreadNotificationCount
FNDA:0,deleteOldReadNotifications
DA:8,15
DA:9,15
DA:11,15
DA:23,15
DA:24,407
DA:29,407
DA:30,28
DA:45,407
DA:51,15
DA:55,405
DA:58,405
DA:59,3
DA:63,402
DA:65,162
DA:68,43
DA:70,1
DA:72,57
DA:74,28
DA:77,63
DA:79,48
DA:81,0
DA:88,15
DA:91,400
DA:94,400
DA:95,400
DA:96,160
DA:100,240
DA:117,240
DA:118,240
DA:120,240
DA:126,15
DA:131,122
DA:133,122
DA:134,275
DA:141,275
DA:142,119
DA:146,122
DA:152,15
DA:153,4
DA:167,4
DA:173,15
DA:174,1
DA:179,1
DA:185,15
DA:186,1
DA:196,1
DA:202,15
DA:203,3
DA:210,3
DA:216,15
DA:217,0
DA:218,0
DA:220,0
DA:229,0
LF:54
LH:49
BRDA:29,0,0,28
BRDA:29,0,1,379
BRDA:58,1,0,3
BRDA:58,1,1,402
BRDA:58,2,0,405
BRDA:58,2,1,4
BRDA:63,3,0,162
BRDA:63,3,1,43
BRDA:63,3,2,43
BRDA:63,3,3,1
BRDA:63,3,4,57
BRDA:63,3,5,28
BRDA:63,3,6,21
BRDA:63,3,7,63
BRDA:63,3,8,48
BRDA:63,3,9,0
BRDA:95,4,0,160
BRDA:95,4,1,240
BRDA:141,5,0,119
BRDA:141,5,1,156
BRDA:216,6,0,0
BRF:21
BRH:19
end_of_record
TN:
SF:src/modules/notifications/notifications.controller.ts
FN:9,(anonymous_1)
FN:49,(anonymous_2)
FN:82,(anonymous_3)
FN:114,(anonymous_4)
FN:138,(anonymous_5)
FN:173,(anonymous_6)
FNF:6
FNH:0
FNDA:0,(anonymous_1)
FNDA:0,(anonymous_2)
FNDA:0,(anonymous_3)
FNDA:0,(anonymous_4)
FNDA:0,(anonymous_5)
FNDA:0,(anonymous_6)
DA:2,11
DA:9,11
DA:10,0
DA:11,0
DA:12,0
DA:13,0
DA:15,0
DA:19,0
DA:20,0
DA:23,0
DA:39,0
DA:41,0
DA:42,0
DA:49,11
DA:50,0
DA:51,0
DA:53,0
DA:67,0
DA:74,0
DA:75,0
DA:82,11
DA:83,0
DA:84,0
DA:85,0
DA:88,0
DA:95,0
DA:96,0
DA:99,0
DA:104,0
DA:106,0
DA:107,0
DA:114,11
DA:115,0
DA:116,0
DA:118,0
DA:128,0
DA:130,0
DA:131,0
DA:138,11
DA:139,0
DA:140,0
DA:142,0
DA:147,0
DA:148,0
DA:163,0
DA:165,0
DA:166,0
DA:173,11
DA:174,0
DA:175,0
DA:176,0
DA:179,0
DA:180,0
DA:181,0
DA:182,0
DA:184,0
DA:193,0
DA:195,0
DA:196,0
LF:59
LH:7
BRDA:13,0,0,0
BRDA:13,0,1,0
BRDA:19,1,0,0
BRDA:19,1,1,0
BRDA:95,2,0,0
BRDA:95,2,1,0
BRDA:147,3,0,0
BRDA:147,3,1,0
BRF:8
BRH:0
end_of_record
TN:
SF:src/modules/notifications/notifications.routes.ts
FNF:0
FNH:0
DA:1,11
DA:2,11
DA:3,11
DA:11,11
DA:16,11
DA:18,11
DA:21,11
DA:24,11
DA:25,11
DA:26,11
DA:27,11
DA:28,11
DA:29,11
DA:30,11
DA:31,11
DA:34,11
DA:35,11
DA:37,11
LF:18
LH:18
BRF:0
BRH:0
end_of_record
TN:
SF:src/modules/notifications/push.controller.ts
FN:5,(anonymous_1)
FN:14,(anonymous_2)
FN:24,(anonymous_3)
FN:64,(anonymous_4)
FNF:4
FNH:4
FNDA:4,(anonymous_1)
FNDA:1,(anonymous_2)
FNDA:2,(anonymous_3)
FNDA:1,(anonymous_4)
DA:2,11
DA:5,11
DA:6,4
DA:7,0
DA:8,0
DA:10,0
DA:14,11
DA:15,1
DA:17,1
DA:18,0
DA:21,1
DA:24,11
DA:25,2
DA:27,2
DA:28,0
DA:31,2
DA:32,0
DA:35,2
DA:54,2
DA:64,11
DA:65,1
DA:67,1
DA:68,0
DA:71,1
DA:72,0
DA:75,1
DA:82,1
LF:27
LH:19
BRDA:6,0,0,4
BRDA:6,0,1,0
BRDA:6,1,0,4
BRDA:6,1,1,4
BRDA:15,2,0,1
BRDA:15,2,1,0
BRDA:17,3,0,0
BRDA:17,3,1,1
BRDA:25,4,0,2
BRDA:25,4,1,0
BRDA:27,5,0,0
BRDA:27,5,1,2
BRDA:27,6,0,2
BRDA:27,6,1,2
BRDA:27,6,2,2
BRDA:31,7,0,0
BRDA:31,7,1,2
BRDA:65,8,0,1
BRDA:65,8,1,0
BRDA:67,9,0,0
BRDA:67,9,1,1
BRDA:71,10,0,0
BRDA:71,10,1,1
BRF:23
BRH:14
end_of_record
TN:
SF:src/modules/notifications/push.service.ts
FN:9,(anonymous_1)
FN:27,(anonymous_2)
FN:40,(anonymous_3)
FN:57,(anonymous_4)
FN:118,(anonymous_5)
FNF:5
FNH:4
FNDA:240,(anonymous_1)
FNDA:2,(anonymous_2)
FNDA:240,(anonymous_3)
FNDA:2,(anonymous_4)
FNDA:0,(anonymous_5)
DA:1,15
DA:2,15
DA:3,15
DA:4,15
DA:5,15
DA:7,15
DA:9,15
DA:10,240
DA:11,240
DA:12,240
DA:14,240
DA:15,238
DA:18,2
DA:19,2
DA:20,1
DA:21,1
DA:24,2
DA:27,15
DA:28,2
DA:29,2
DA:31,2
DA:40,15
DA:41,240
DA:42,238
DA:45,2
DA:49,2
DA:50,0
DA:53,2
DA:54,2
DA:56,2
DA:58,2
DA:59,2
DA:64,1
DA:76,1
DA:85,1
DA:99,1
DA:108,1
DA:109,1
DA:118,15
DA:119,0
LF:40
LH:38
BRDA:10,0,0,240
BRDA:10,0,1,238
BRDA:11,1,0,240
BRDA:11,1,1,238
BRDA:14,2,0,238
BRDA:14,2,1,2
BRDA:14,3,0,240
BRDA:14,3,1,2
BRDA:19,4,0,1
BRDA:19,4,1,1
BRDA:34,5,0,0
BRDA:34,5,1,2
BRDA:41,6,0,238
BRDA:41,6,1,2
BRDA:49,7,0,0
BRDA:49,7,1,2
BRDA:95,8,0,1
BRDA:95,8,1,0
BRDA:108,9,0,1
BRDA:108,9,1,0
BRF:20
BRH:16
end_of_record
TN:
SF:src/modules/orders/orders.controller.ts
FN:6,(anonymous_1)
FN:49,(anonymous_2)
FN:114,(anonymous_3)
FN:133,(anonymous_4)
FN:155,(anonymous_5)
FN:169,(anonymous_6)
FN:215,(anonymous_7)
FN:255,(anonymous_8)
FN:320,(anonymous_9)
FNF:9
FNH:4
FNDA:0,(anonymous_1)
FNDA:46,(anonymous_2)
FNDA:0,(anonymous_3)
FNDA:0,(anonymous_4)
FNDA:46,(anonymous_5)
FNDA:0,(anonymous_6)
FNDA:4,(anonymous_7)
FNDA:30,(anonymous_8)
FNDA:0,(anonymous_9)
DA:2,11
DA:4,11
DA:6,11
DA:7,0
DA:8,0
DA:11,0
DA:18,0
DA:19,0
DA:22,0
DA:42,0
DA:44,0
DA:45,0
DA:49,11
DA:50,46
DA:51,46
DA:52,46
DA:55,46
DA:65,46
DA:66,0
DA:69,46
DA:70,0
DA:74,46
DA:83,46
DA:84,0
DA:88,46
DA:89,0
DA:90,0
DA:94,0
DA:95,0
DA:101,46
DA:112,46
DA:114,0
DA:116,0
DA:121,0
DA:131,0
DA:132,0
DA:133,0
DA:142,0
DA:155,46
DA:156,46
DA:167,44
DA:168,0
DA:169,0
DA:178,44
DA:192,44
DA:193,44
DA:198,44
DA:199,33
DA:208,44
DA:210,2
DA:211,2
DA:215,11
DA:216,4
DA:217,4
DA:220,4
DA:231,4
DA:232,0
DA:236,4
DA:240,4
DA:241,3
DA:244,1
DA:248,1
DA:250,0
DA:251,0
DA:255,11
DA:256,30
DA:257,30
DA:260,30
DA:267,30
DA:268,0
DA:272,30
DA:279,30
DA:280,0
DA:286,30
DA:287,30
DA:289,30
DA:290,15
DA:291,1
DA:294,15
DA:295,2
DA:299,27
DA:305,27
DA:312,27
DA:314,0
DA:315,0
DA:320,11
DA:321,0
DA:322,0
DA:324,0
DA:357,0
DA:359,0
DA:360,0
LF:92
LH:54
BRDA:18,0,0,0
BRDA:18,0,1,0
BRDA:65,1,0,0
BRDA:65,1,1,46
BRDA:69,2,0,0
BRDA:69,2,1,46
BRDA:83,3,0,0
BRDA:83,3,1,46
BRDA:88,4,0,0
BRDA:88,4,1,46
BRDA:88,5,0,46
BRDA:88,5,1,0
BRDA:94,6,0,0
BRDA:94,6,1,0
BRDA:112,7,0,0
BRDA:112,7,1,46
BRDA:126,8,0,0
BRDA:126,8,1,0
BRDA:131,9,0,0
BRDA:131,9,1,0
BRDA:131,10,0,0
BRDA:131,10,1,0
BRDA:160,11,0,46
BRDA:160,11,1,46
BRDA:167,12,0,0
BRDA:167,12,1,44
BRDA:167,13,0,44
BRDA:167,13,1,0
BRDA:192,14,0,44
BRDA:192,14,1,0
BRDA:198,15,0,33
BRDA:198,15,1,11
BRDA:198,16,0,44
BRDA:198,16,1,44
BRDA:208,17,0,0
BRDA:208,17,1,44
BRDA:231,18,0,0
BRDA:231,18,1,4
BRDA:240,19,0,3
BRDA:240,19,1,1
BRDA:267,20,0,0
BRDA:267,20,1,30
BRDA:279,21,0,0
BRDA:279,21,1,30
BRDA:289,22,0,15
BRDA:289,22,1,15
BRDA:290,23,0,1
BRDA:290,23,1,14
BRDA:294,24,0,2
BRDA:294,24,1,13
BRF:50
BRH:27
end_of_record
TN:
SF:src/modules/orders/orders.routes.ts
FNF:0
FNH:0
DA:1,11
DA:2,11
DA:9,11
DA:10,11
DA:11,11
DA:13,11
DA:16,11
DA:19,11
DA:22,11
DA:23,11
DA:24,11
DA:25,11
DA:27,11
LF:13
LH:13
BRF:0
BRH:0
end_of_record
TN:
SF:src/modules/orders/orders.validation.ts
FNF:0
FNH:0
DA:1,11
DA:3,11
DA:18,11
LF:3
LH:3
BRF:0
BRH:0
end_of_record
TN:
SF:src/modules/restaurants/restaurants.controller.ts
FN:6,(anonymous_1)
FN:27,(anonymous_2)
FN:54,(anonymous_3)
FN:80,(anonymous_4)
FN:119,(anonymous_5)
FN:147,(anonymous_6)
FN:181,(anonymous_7)
FN:216,(anonymous_8)
FN:247,(anonymous_9)
FNF:9
FNH:9
FNDA:6,(anonymous_1)
FNDA:6,(anonymous_2)
FNDA:4,(anonymous_3)
FNDA:7,(anonymous_4)
FNDA:6,(anonymous_5)
FNDA:7,(anonymous_6)
FNDA:3,(anonymous_7)
FNDA:6,(anonymous_8)
FNDA:3,(anonymous_9)
DA:2,12
DA:4,12
DA:6,12
DA:7,6
DA:8,6
DA:20,6
DA:22,0
DA:23,0
DA:27,12
DA:28,6
DA:29,6
DA:31,6
DA:43,6
DA:44,4
DA:47,2
DA:49,0
DA:50,0
DA:54,12
DA:55,4
DA:57,4
DA:60,4
DA:73,4
DA:75,0
DA:76,0
DA:80,12
DA:81,7
DA:82,7
DA:83,7
DA:86,7
DA:93,7
DA:94,3
DA:98,4
DA:99,4
DA:100,4
DA:101,4
DA:102,4
DA:103,4
DA:104,4
DA:105,4
DA:107,4
DA:112,4
DA:114,0
DA:115,0
DA:119,12
DA:120,6
DA:121,6
DA:124,6
DA:131,6
DA:132,3
DA:135,3
DA:139,3
DA:141,0
DA:142,0
DA:147,12
DA:148,7
DA:149,7
DA:152,7
DA:159,7
DA:160,1
DA:163,6
DA:174,6
DA:176,0
DA:177,0
DA:181,12
DA:182,3
DA:183,3
DA:184,3
DA:187,3
DA:194,3
DA:195,1
DA:198,2
DA:209,2
DA:211,0
DA:212,0
DA:216,12
DA:217,6
DA:218,6
DA:221,6
DA:231,6
DA:232,4
DA:235,2
DA:240,2
DA:242,0
DA:243,0
DA:247,12
DA:248,3
DA:249,3
DA:252,3
DA:262,3
DA:263,2
DA:266,1
DA:270,1
DA:272,0
DA:273,0
LF:94
LH:76
BRDA:43,0,0,4
BRDA:43,0,1,2
BRDA:68,1,0,2
BRDA:68,1,1,2
BRDA:93,2,0,3
BRDA:93,2,1,4
BRDA:99,3,0,4
BRDA:99,3,1,0
BRDA:100,4,0,2
BRDA:100,4,1,2
BRDA:101,5,0,0
BRDA:101,5,1,4
BRDA:102,6,0,0
BRDA:102,6,1,4
BRDA:103,7,0,0
BRDA:103,7,1,4
BRDA:104,8,0,0
BRDA:104,8,1,4
BRDA:105,9,0,0
BRDA:105,9,1,4
BRDA:105,10,0,0
BRDA:105,10,1,0
BRDA:131,11,0,3
BRDA:131,11,1,3
BRDA:159,12,0,1
BRDA:159,12,1,6
BRDA:194,13,0,1
BRDA:194,13,1,2
BRDA:204,14,0,2
BRDA:204,14,1,1
BRDA:231,15,0,4
BRDA:231,15,1,2
BRDA:262,16,0,2
BRDA:262,16,1,1
BRF:34
BRH:26
end_of_record
TN:
SF:src/modules/restaurants/restaurants.routes.ts
FNF:0
FNH:0
DA:1,12
DA:2,12
DA:13,12
DA:14,12
DA:20,12
DA:22,12
DA:25,12
DA:28,12
DA:29,12
DA:30,12
DA:31,12
DA:32,12
DA:35,12
DA:36,12
DA:37,12
DA:38,12
DA:40,12
LF:17
LH:17
BRF:0
BRH:0
end_of_record
TN:
SF:src/modules/restaurants/restaurants.validation.ts
FNF:0
FNH:0
DA:1,12
DA:3,12
DA:15,12
DA:27,12
DA:37,12
LF:5
LH:5
BRF:0
BRH:0
end_of_record
TN:
SF:src/modules/users/users.controller.ts
FN:7,(anonymous_1)
FN:41,(anonymous_2)
FN:99,(anonymous_3)
FN:134,(anonymous_4)
FN:185,(anonymous_5)
FN:217,(anonymous_6)
FN:261,(anonymous_7)
FN:299,(anonymous_8)
FN:337,(anonymous_9)
FN:367,(anonymous_10)
FN:392,(anonymous_11)
FN:418,(anonymous_12)
FN:457,(anonymous_13)
FN:487,(anonymous_14)
FNF:14
FNH:13
FNDA:6,(anonymous_1)
FNDA:12,(anonymous_2)
FNDA:6,(anonymous_3)
FNDA:5,(anonymous_4)
FNDA:4,(anonymous_5)
FNDA:6,(anonymous_6)
FNDA:3,(anonymous_7)
FNDA:2,(anonymous_8)
FNDA:2,(anonymous_9)
FNDA:2,(anonymous_10)
FNDA:2,(anonymous_11)
FNDA:2,(anonymous_12)
FNDA:2,(anonymous_13)
FNDA:0,(anonymous_14)
DA:2,11
DA:3,11
DA:7,11
DA:8,6
DA:9,6
DA:10,6
DA:12,6
DA:24,6
DA:25,1
DA:29,5
DA:30,2
DA:33,3
DA:35,0
DA:36,0
DA:41,11
DA:42,12
DA:43,12
DA:44,12
DA:45,12
DA:47,12
DA:51,12
DA:52,1
DA:56,11
DA:57,1
DA:63,10
DA:64,6
DA:65,2
DA:70,8
DA:71,4
DA:72,2
DA:76,6
DA:91,6
DA:93,0
DA:94,0
DA:99,11
DA:100,6
DA:101,6
DA:102,6
DA:105,6
DA:106,2
DA:109,4
DA:113,4
DA:114,1
DA:118,3
DA:119,1
DA:122,2
DA:126,2
DA:128,0
DA:129,0
DA:134,11
DA:135,5
DA:136,5
DA:137,5
DA:140,5
DA:141,2
DA:145,3
DA:154,3
DA:155,1
DA:158,2
DA:160,2
DA:177,2
DA:179,0
DA:180,0
DA:185,11
DA:186,4
DA:187,4
DA:190,4
DA:191,1
DA:194,3
DA:209,3
DA:211,0
DA:212,0
DA:217,11
DA:218,6
DA:219,6
DA:220,6
DA:221,6
DA:223,6
DA:227,6
DA:228,1
DA:232,5
DA:233,0
DA:237,5
DA:238,1
DA:242,4
DA:243,4
DA:244,2
DA:248,2
DA:249,2
DA:254,2
DA:256,0
DA:257,0
DA:261,11
DA:262,3
DA:263,3
DA:264,3
DA:267,3
DA:268,2
DA:272,2
DA:273,1
DA:277,2
DA:292,2
DA:294,0
DA:295,0
DA:299,11
DA:300,2
DA:301,2
DA:302,2
DA:305,2
DA:309,2
DA:310,0
DA:314,2
DA:315,2
DA:316,1
DA:320,1
DA:323,1
DA:330,1
DA:332,0
DA:333,0
DA:337,11
DA:338,2
DA:339,2
DA:342,2
DA:343,1
DA:346,1
DA:360,1
DA:362,0
DA:363,0
DA:367,11
DA:368,2
DA:369,2
DA:370,2
DA:373,2
DA:374,1
DA:377,1
DA:385,1
DA:387,0
DA:388,0
DA:392,11
DA:393,2
DA:394,2
DA:396,2
DA:407,2
DA:408,0
DA:411,2
DA:413,0
DA:414,0
DA:418,11
DA:419,2
DA:420,2
DA:423,2
DA:424,1
DA:432,1
DA:443,1
DA:452,0
DA:453,0
DA:457,11
DA:458,2
DA:459,2
DA:462,2
DA:463,2
DA:464,2
DA:465,2
DA:468,2
DA:473,2
DA:483,2
DA:487,2
DA:490,2
DA:520,2
DA:529,0
DA:530,0
LF:171
LH:142
BRDA:24,0,0,1
BRDA:24,0,1,5
BRDA:29,1,0,2
BRDA:29,1,1,3
BRDA:51,2,0,1
BRDA:51,2,1,11
BRDA:56,3,0,1
BRDA:56,3,1,10
BRDA:63,4,0,6
BRDA:63,4,1,4
BRDA:64,5,0,2
BRDA:64,5,1,4
BRDA:70,6,0,4
BRDA:70,6,1,4
BRDA:70,7,0,8
BRDA:70,7,1,4
BRDA:71,8,0,2
BRDA:71,8,1,2
BRDA:79,9,0,6
BRDA:79,9,1,4
BRDA:80,10,0,6
BRDA:80,10,1,2
BRDA:80,10,2,2
BRDA:105,11,0,2
BRDA:105,11,1,4
BRDA:113,12,0,1
BRDA:113,12,1,3
BRDA:118,13,0,1
BRDA:118,13,1,2
BRDA:140,14,0,2
BRDA:140,14,1,3
BRDA:154,15,0,1
BRDA:154,15,1,2
BRDA:165,16,0,2
BRDA:165,16,1,1
BRDA:190,17,0,1
BRDA:190,17,1,3
BRDA:227,18,0,1
BRDA:227,18,1,5
BRDA:232,19,0,0
BRDA:232,19,1,5
BRDA:237,20,0,1
BRDA:237,20,1,4
BRDA:243,21,0,2
BRDA:243,21,1,2
BRDA:267,22,0,2
BRDA:267,22,1,1
BRDA:272,23,0,1
BRDA:272,23,1,1
BRDA:272,24,0,2
BRDA:272,24,1,1
BRDA:309,25,0,0
BRDA:309,25,1,2
BRDA:315,26,0,1
BRDA:315,26,1,1
BRDA:342,27,0,1
BRDA:342,27,1,1
BRDA:373,28,0,1
BRDA:373,28,1,1
BRDA:407,29,0,0
BRDA:407,29,1,2
BRDA:423,30,0,1
BRDA:423,30,1,1
BRDA:487,31,0,0
BRDA:487,31,1,0
BRF:65
BRH:60
end_of_record
TN:
SF:src/modules/users/users.routes.ts
FNF:0
FNH:0
DA:1,11
DA:2,11
DA:17,11
DA:18,11
DA:23,11
DA:25,11
DA:28,11
DA:31,11
DA:32,11
DA:33,11
DA:36,11
DA:37,11
DA:38,11
DA:39,11
DA:42,11
DA:43,11
DA:44,11
DA:45,11
DA:46,11
DA:47,11
DA:49,11
LF:21
LH:21
BRF:0
BRH:0
end_of_record
TN:
SF:src/modules/users/users.validation.ts
FNF:0
FNH:0
DA:1,11
DA:3,11
DA:10,11
DA:17,11
LF:4
LH:4
BRF:0
BRH:0
end_of_record
TN:
SF:src/realtime/constants.ts
FNF:0
FNH:0
DA:1,18
DA:2,18
DA:3,18
LF:3
LH:3
BRF:0
BRH:0
end_of_record
TN:
SF:src/realtime/notifications.dispatcher.ts
FN:13,(anonymous_0)
FN:54,(anonymous_1)
FNF:2
FNH:2
FNDA:240,(anonymous_0)
FNDA:240,(anonymous_1)
DA:2,15
DA:3,15
DA:13,15
DA:14,240
DA:29,240
DA:31,240
DA:32,237
DA:39,240
DA:40,60
DA:48,240
DA:54,15
DA:55,240
DA:56,240
DA:58,240
DA:60,240
LF:15
LH:15
BRDA:18,0,0,240
BRDA:18,0,1,2
BRDA:19,1,0,240
BRDA:19,1,1,180
BRDA:24,2,0,240
BRDA:24,2,1,0
BRDA:31,3,0,237
BRDA:31,3,1,3
BRDA:39,4,0,60
BRDA:39,4,1,180
BRDA:56,5,0,0
BRDA:56,5,1,240
BRF:12
BRH:10
end_of_record
TN:
SF:src/realtime/notifications.gateway.server.ts
FN:60,(anonymous_0)
FN:87,(anonymous_1)
FN:97,(anonymous_2)
FN:125,(anonymous_3)
FN:129,(anonymous_4)
FN:143,(anonymous_5)
FN:151,(anonymous_6)
FN:157,(anonymous_7)
FN:188,(anonymous_8)
FN:204,(anonymous_9)
FN:228,(anonymous_10)
FNF:11
FNH:10
FNDA:4,(anonymous_0)
FNDA:3,(anonymous_1)
FNDA:2,(anonymous_2)
FNDA:1,(anonymous_3)
FNDA:1,(anonymous_4)
FNDA:0,(anonymous_5)
FNDA:2,(anonymous_6)
FNDA:1,(anonymous_7)
FNDA:3,(anonymous_8)
FNDA:3,(anonymous_9)
FNDA:1,(anonymous_10)
DA:1,2
DA:7,2
DA:12,2
DA:13,2
DA:14,2
DA:60,2
DA:69,4
DA:70,4
DA:71,4
DA:73,4
DA:75,4
DA:76,4
DA:77,4
DA:79,4
DA:80,4
DA:82,4
DA:84,4
DA:85,4
DA:87,4
DA:88,3
DA:89,3
DA:91,3
DA:92,1
DA:93,1
DA:94,1
DA:97,2
DA:99,2
DA:100,0
DA:101,0
DA:102,0
DA:104,0
DA:108,2
DA:109,2
DA:111,2
DA:112,2
DA:113,2
DA:114,2
DA:116,2
DA:117,2
DA:125,2
DA:126,1
DA:129,2
DA:130,1
DA:131,1
DA:132,1
DA:133,1
DA:143,2
DA:144,0
DA:145,0
DA:149,4
DA:152,2
DA:158,1
DA:159,1
DA:162,1
DA:163,1
DA:165,1
DA:173,1
DA:174,1
DA:175,1
DA:188,2
DA:189,3
DA:190,3
DA:191,1
DA:194,2
DA:195,2
DA:196,0
DA:198,2
DA:199,1
DA:201,1
DA:204,2
DA:208,3
DA:209,2
DA:210,2
DA:212,2
DA:213,2
DA:214,2
DA:215,0
DA:219,0
DA:221,2
DA:223,0
DA:224,0
DA:228,2
DA:229,1
DA:230,0
DA:232,1
DA:233,1
DA:234,0
DA:236,1
DA:237,1
DA:238,0
DA:240,1
DA:241,1
LF:92
LH:78
BRDA:70,0,0,0
BRDA:70,0,1,4
BRDA:71,1,0,0
BRDA:71,1,1,4
BRDA:71,2,0,0
BRDA:71,2,1,0
BRDA:75,3,0,0
BRDA:75,3,1,4
BRDA:91,4,0,1
BRDA:91,4,1,2
BRDA:99,5,0,0
BRDA:99,5,1,2
BRDA:102,6,0,0
BRDA:102,6,1,0
BRDA:127,7,0,2
BRDA:127,7,1,0
BRDA:158,8,0,1
BRDA:158,8,1,1
BRDA:162,9,0,1
BRDA:162,9,1,0
BRDA:162,10,0,1
BRDA:162,10,1,1
BRDA:173,11,0,1
BRDA:173,11,1,0
BRDA:190,12,0,1
BRDA:190,12,1,2
BRDA:190,13,0,3
BRDA:190,13,1,1
BRDA:195,14,0,0
BRDA:195,14,1,2
BRDA:198,15,0,1
BRDA:198,15,1,1
BRDA:198,16,0,2
BRDA:198,16,1,1
BRDA:208,17,0,1
BRDA:208,17,1,2
BRDA:209,18,0,2
BRDA:209,18,1,0
BRDA:210,19,0,0
BRDA:210,19,1,2
BRDA:214,20,0,0
BRDA:214,20,1,2
BRDA:214,21,0,2
BRDA:214,21,1,2
BRDA:229,22,0,0
BRDA:229,22,1,1
BRDA:229,23,0,1
BRDA:229,23,1,1
BRDA:233,24,0,0
BRDA:233,24,1,1
BRDA:237,25,0,0
BRDA:237,25,1,1
BRDA:241,26,0,1
BRDA:241,26,1,0
BRF:54
BRH:35
end_of_record
TN:
SF:src/realtime/notifications.gateway.ts
FN:23,(anonymous_0)
FN:40,(anonymous_1)
FN:50,(anonymous_2)
FNF:3
FNH:3
FNDA:5,(anonymous_0)
FNDA:4,(anonymous_1)
FNDA:1,(anonymous_2)
DA:1,3
DA:2,3
DA:13,3
DA:14,3
DA:23,3
DA:27,5
DA:29,5
DA:40,4
DA:50,3
DA:55,1
DA:56,1
DA:58,1
DA:59,1
DA:60,1
DA:62,1
LF:15
LH:15
BRDA:25,0,0,4
BRDA:27,1,0,5
BRDA:27,1,1,4
BRDA:31,2,0,5
BRDA:31,2,1,4
BRDA:32,3,0,5
BRDA:32,3,1,4
BRDA:34,4,0,5
BRDA:34,4,1,4
BRF:9
BRH:9
end_of_record
TN:
SF:src/realtime/notifications.registry.ts
FN:13,(anonymous_0)
FN:17,(anonymous_1)
FN:21,(anonymous_2)
FN:23,(anonymous_3)
FNF:4
FNH:1
FNDA:0,(anonymous_0)
FNDA:0,(anonymous_1)
FNDA:0,(anonymous_2)
FNDA:239,(anonymous_3)
DA:11,13
DA:13,13
DA:14,0
DA:17,13
DA:18,0
DA:21,13
DA:23,13
DA:28,239
LF:8
LH:6
BRF:0
BRH:0
end_of_record
TN:
SF:src/realtime/redis-config.ts
FN:8,(anonymous_0)
FNF:1
FNH:1
FNDA:7,(anonymous_0)
DA:6,3
DA:8,3
DA:9,7
DA:10,7
DA:12,7
LF:5
LH:5
BRDA:8,0,0,0
BRDA:9,1,0,7
BRDA:9,1,1,6
BRDA:9,1,2,5
BRDA:12,2,0,7
BRDA:12,2,1,6
BRF:6
BRH:5
end_of_record
TN:
SF:src/telemetry/honeycomb.exporter.ts
FN:9,(anonymous_0)
FN:13,(anonymous_1)
FN:19,(anonymous_2)
FNF:3
FNH:3
FNDA:6,(anonymous_0)
FNDA:1,(anonymous_1)
FNDA:6,(anonymous_2)
DA:1,18
DA:2,18
DA:9,18
DA:10,6
DA:13,18
DA:19,18
DA:20,6
DA:21,4
DA:24,2
DA:25,1
DA:26,1
DA:29,1
DA:30,1
DA:40,0
LF:14
LH:13
BRDA:10,0,0,6
BRDA:10,0,1,2
BRDA:11,1,0,2
BRDA:11,1,1,2
BRDA:20,2,0,4
BRDA:20,2,1,2
BRDA:24,3,0,1
BRDA:24,3,1,1
BRDA:35,4,0,1
BRDA:35,4,1,0
BRF:10
BRH:9
end_of_record
TN:
SF:src/telemetry/notifications.telemetry.ts
FN:5,(anonymous_0)
FN:16,(anonymous_1)
FN:53,(anonymous_2)
FN:81,(anonymous_3)
FNF:4
FNH:4
FNDA:8,(anonymous_0)
FNDA:4,(anonymous_1)
FNDA:2,(anonymous_2)
FNDA:2,(anonymous_3)
DA:2,17
DA:3,17
DA:5,17
DA:16,17
DA:17,4
DA:18,3
DA:21,1
DA:30,1
DA:31,1
DA:53,17
DA:54,2
DA:55,1
DA:58,1
DA:66,1
DA:81,17
DA:82,2
DA:83,1
DA:86,1
DA:95,1
LF:19
LH:19
BRDA:17,0,0,3
BRDA:17,0,1,1
BRDA:54,1,0,1
BRDA:54,1,1,1
BRDA:82,2,0,1
BRDA:82,2,1,1
BRF:6
BRH:6
end_of_record
TN:
SF:src/utils/bcrypt.ts
FN:5,(anonymous_1)
FN:9,(anonymous_2)
FNF:2
FNH:2
FNDA:559,(anonymous_1)
FNDA:17,(anonymous_2)
DA:1,16
DA:3,16
DA:5,16
DA:6,559
DA:9,16
DA:13,17
LF:6
LH:6
BRF:0
BRH:0
end_of_record
TN:
SF:src/utils/jwt.ts
FN:11,(anonymous_1)
FN:18,(anonymous_2)
FNF:2
FNH:2
FNDA:562,(anonymous_1)
FNDA:516,(anonymous_2)
DA:1,19
DA:2,19
DA:11,19
DA:12,562
DA:15,562
DA:18,19
DA:19,516
LF:7
LH:7
BRF:0
BRH:0
end_of_record
TN:
SF:src/utils/logger.ts
FN:2,(anonymous_0)
FN:5,(anonymous_1)
FN:8,(anonymous_2)
FNF:3
FNH:0
FNDA:0,(anonymous_0)
FNDA:0,(anonymous_1)
FNDA:0,(anonymous_2)
DA:1,18
DA:3,0
DA:6,0
DA:9,0
LF:4
LH:1
BRF:0
BRH:0
end_of_record
TN:
SF:src/utils/sanitize.ts
FN:5,(anonymous_0)
FN:22,(anonymous_1)
FNF:2
FNH:2
FNDA:156,(anonymous_0)
FNDA:5,(anonymous_1)
DA:5,13
DA:6,156
DA:7,4
DA:11,152
DA:22,13
DA:23,5
DA:25,5
DA:26,11
DA:27,5
DA:28,6
DA:29,1
DA:33,5
LF:12
LH:12
BRDA:6,0,0,4
BRDA:6,0,1,152
BRDA:6,1,0,156
BRDA:6,1,1,154
BRDA:26,2,0,5
BRDA:26,2,1,6
BRDA:28,3,0,1
BRDA:28,3,1,5
BRDA:28,4,0,6
BRDA:28,4,1,3
BRDA:28,4,2,2
BRF:11
BRH:11
end_of_record
